<?xml version="1.0" encoding="utf-8"?>
<!DOCTYPE coverage SYSTEM "http://cobertura.sourceforge.net/xml/coverage-04.dtd">
<coverage line-rate="0.4583333333333333" branch-rate="0.7" lines-covered="44" lines-valid="96" branches-covered="14" branches-valid="20" complexity="25" version="0" timestamp="1623285891">
  <sources>
    <source>C:\Users\yivan\source\repos\ConsoleApp3\Core\</source>
  </sources>
  <packages>
    <package name="Core" line-rate="0.4583333333333333" branch-rate="0.7" complexity="25">
      <classes>
        <class name="Core.Repository.CashMachineValuesRepository" filename="C:\Users\yivan\source\repos\ConsoleApp3\Core\Repository\CashMachineValuesRepository.cs" line-rate="0" branch-rate="1" complexity="2">
          <methods>
            <method name="AddValues" signature="(...)" line-rate="0" branch-rate="1" complexity="1">
              <lines>
                <line number="12" hits="0" branch="false" />
                <line number="13" hits="0" branch="false" />
                <line number="14" hits="0" branch="false" />
              </lines>
            </method>
            <method name="GetValues" signature="()" line-rate="0" branch-rate="1" complexity="1">
              <lines>
                <line number="17" hits="0" branch="false" />
                <line number="18" hits="0" branch="false" />
                <line number="19" hits="0" branch="false" />
              </lines>
            </method>
          </methods>
          <lines>
            <line number="12" hits="0" branch="false" />
            <line number="13" hits="0" branch="false" />
            <line number="14" hits="0" branch="false" />
            <line number="17" hits="0" branch="false" />
            <line number="18" hits="0" branch="false" />
            <line number="19" hits="0" branch="false" />
          </lines>
        </class>
        <class name="Core.Services.CashMachineService" filename="C:\Users\yivan\source\repos\ConsoleApp3\Core\Services\CashMachineService.cs" line-rate="0" branch-rate="0" complexity="8">
          <methods>
            <method name="Start" signature="(...)" line-rate="0" branch-rate="1" complexity="1">
              <lines>
                <line number="21" hits="0" branch="false" />
                <line number="23" hits="0" branch="false" />
                <line number="24" hits="0" branch="false" />
                <line number="26" hits="0" branch="false" />
                <line number="27" hits="0" branch="false" />
                <line number="28" hits="0" branch="false" />
                <line number="30" hits="0" branch="false" />
                <line number="32" hits="0" branch="false" />
                <line number="34" hits="0" branch="false" />
                <line number="35" hits="0" branch="false" />
                <line number="37" hits="0" branch="false" />
                <line number="38" hits="0" branch="false" />
                <line number="39" hits="0" branch="false" />
                <line number="40" hits="0" branch="false" />
                <line number="41" hits="0" branch="false" />
                <line number="42" hits="0" branch="false" />
                <line number="43" hits="0" branch="false" />
              </lines>
            </method>
            <method name="InitializeCashMachineValues" signature="(...)" line-rate="0" branch-rate="0" complexity="4">
              <lines>
                <line number="46" hits="0" branch="false" />
                <line number="48" hits="0" branch="false" />
                <line number="49" hits="0" branch="true" condition-coverage="0% (0/4)" />
                <line number="52" hits="0" branch="false" />
                <line number="53" hits="0" branch="false" />
                <line number="56" hits="0" branch="false" />
                <line number="57" hits="0" branch="false" />
                <line number="60" hits="0" branch="false" />
                <line number="61" hits="0" branch="false" />
                <line number="63" hits="0" branch="false" />
                <line number="66" hits="0" branch="false" />
                <line number="67" hits="0" branch="false" />
                <line number="68" hits="0" branch="false" />
                <line number="69" hits="0" branch="false" />
                <line number="70" hits="0" branch="false" />
                <line number="72" hits="0" branch="false" />
              </lines>
            </method>
            <method name="DisplayOperationUserResponse" signature="(...)" line-rate="0" branch-rate="0" complexity="2">
              <lines>
                <line number="75" hits="0" branch="false" />
                <line number="76" hits="0" branch="false" />
                <line number="77" hits="0" branch="true" condition-coverage="0% (0/2)" />
                <line number="78" hits="0" branch="false" />
                <line number="79" hits="0" branch="false" />
                <line number="80" hits="0" branch="false" />
                <line number="82" hits="0" branch="false" />
                <line number="83" hits="0" branch="false" />
              </lines>
            </method>
            <method name=".ctor" signature="(...)" line-rate="0" branch-rate="1" complexity="1">
              <lines>
                <line number="14" hits="0" branch="false" />
                <line number="15" hits="0" branch="false" />
                <line number="16" hits="0" branch="false" />
                <line number="17" hits="0" branch="false" />
                <line number="18" hits="0" branch="false" />
              </lines>
            </method>
          </methods>
          <lines>
            <line number="14" hits="0" branch="false" />
            <line number="15" hits="0" branch="false" />
            <line number="16" hits="0" branch="false" />
            <line number="17" hits="0" branch="false" />
            <line number="18" hits="0" branch="false" />
            <line number="21" hits="0" branch="false" />
            <line number="23" hits="0" branch="false" />
            <line number="24" hits="0" branch="false" />
            <line number="26" hits="0" branch="false" />
            <line number="27" hits="0" branch="false" />
            <line number="28" hits="0" branch="false" />
            <line number="30" hits="0" branch="false" />
            <line number="32" hits="0" branch="false" />
            <line number="34" hits="0" branch="false" />
            <line number="35" hits="0" branch="false" />
            <line number="37" hits="0" branch="false" />
            <line number="38" hits="0" branch="false" />
            <line number="39" hits="0" branch="false" />
            <line number="40" hits="0" branch="false" />
            <line number="41" hits="0" branch="false" />
            <line number="42" hits="0" branch="false" />
            <line number="43" hits="0" branch="false" />
            <line number="46" hits="0" branch="false" />
            <line number="48" hits="0" branch="false" />
            <line number="49" hits="0" branch="true" condition-coverage="0% (0/4)" />
            <line number="52" hits="0" branch="false" />
            <line number="53" hits="0" branch="false" />
            <line number="56" hits="0" branch="false" />
            <line number="57" hits="0" branch="false" />
            <line number="60" hits="0" branch="false" />
            <line number="61" hits="0" branch="false" />
            <line number="63" hits="0" branch="false" />
            <line number="66" hits="0" branch="false" />
            <line number="67" hits="0" branch="false" />
            <line number="68" hits="0" branch="false" />
            <line number="69" hits="0" branch="false" />
            <line number="70" hits="0" branch="false" />
            <line number="72" hits="0" branch="false" />
            <line number="75" hits="0" branch="false" />
            <line number="76" hits="0" branch="false" />
            <line number="77" hits="0" branch="true" condition-coverage="0% (0/2)" />
            <line number="78" hits="0" branch="false" />
            <line number="79" hits="0" branch="false" />
            <line number="80" hits="0" branch="false" />
            <line number="82" hits="0" branch="false" />
            <line number="83" hits="0" branch="false" />
          </lines>
        </class>
        <class name="Core.Services.OperationService" filename="C:\Users\yivan\source\repos\ConsoleApp3\Core\Services\OperationService.cs" line-rate="1" branch-rate="1" complexity="15">
          <methods>
            <method name="Withdraw" signature="(...)" line-rate="1" branch-rate="1" complexity="6">
              <lines>
                <line number="18" hits="6" branch="false" />
                <line number="20" hits="6" branch="false" />
                <line number="21" hits="6" branch="false" />
                <line number="23" hits="6" branch="false" />
                <line number="25" hits="3" branch="false" />
                <line number="27" hits="27" branch="true" condition-coverage="100% (2/2)" />
                <line number="28" hits="9" branch="false" />
                <line number="29" hits="9" branch="false" />
                <line number="31" hits="16" branch="true" condition-coverage="100% (2/2)" />
                <line number="32" hits="7" branch="false" />
                <line number="33" hits="7" branch="false" />
                <line number="34" hits="7" branch="false" />
                <line number="35" hits="16" branch="false" />
                <line number="37" hits="9" branch="true" condition-coverage="100% (2/2)" />
                <line number="38" hits="7" branch="false" />
                <line number="39" hits="9" branch="false" />
                <line number="41" hits="3" branch="false" />
                <line number="43" hits="3" branch="false" />
                <line number="44" hits="3" branch="false" />
                <line number="45" hits="3" branch="false" />
                <line number="47" hits="3" branch="false" />
              </lines>
            </method>
            <method name="ValidateOperation" signature="(...)" line-rate="1" branch-rate="1" complexity="8">
              <lines>
                <line number="50" hits="6" branch="false" />
                <line number="52" hits="6" branch="false" />
                <line number="53" hits="24" branch="false" />
                <line number="55" hits="6" branch="true" condition-coverage="100% (2/2)" />
                <line number="56" hits="2" branch="false" />
                <line number="58" hits="36" branch="true" condition-coverage="100% (2/2)" />
                <line number="59" hits="12" branch="false" />
                <line number="60" hits="21" branch="true" condition-coverage="100% (2/2)" />
                <line number="61" hits="9" branch="false" />
                <line number="62" hits="9" branch="false" />
                <line number="63" hits="21" branch="false" />
                <line number="64" hits="12" branch="false" />
                <line number="66" hits="4" branch="true" condition-coverage="100% (2/2)" />
                <line number="67" hits="1" branch="false" />
                <line number="68" hits="3" branch="false" />
                <line number="69" hits="3" branch="false" />
                <line number="70" hits="3" branch="false" />
                <line number="71" hits="3" branch="false" />
                <line number="73" hits="3" branch="false" />
              </lines>
            </method>
            <method name=".ctor" signature="(...)" line-rate="1" branch-rate="1" complexity="1">
              <lines>
                <line number="12" hits="6" branch="false" />
                <line number="13" hits="6" branch="false" />
                <line number="14" hits="6" branch="false" />
                <line number="15" hits="6" branch="false" />
              </lines>
            </method>
          </methods>
          <lines>
            <line number="12" hits="6" branch="false" />
            <line number="13" hits="6" branch="false" />
            <line number="14" hits="6" branch="false" />
            <line number="15" hits="6" branch="false" />
            <line number="18" hits="6" branch="false" />
            <line number="20" hits="6" branch="false" />
            <line number="21" hits="6" branch="false" />
            <line number="23" hits="6" branch="false" />
            <line number="25" hits="3" branch="false" />
            <line number="27" hits="27" branch="true" condition-coverage="100% (2/2)" />
            <line number="28" hits="9" branch="false" />
            <line number="29" hits="9" branch="false" />
            <line number="31" hits="16" branch="true" condition-coverage="100% (2/2)" />
            <line number="32" hits="7" branch="false" />
            <line number="33" hits="7" branch="false" />
            <line number="34" hits="7" branch="false" />
            <line number="35" hits="16" branch="false" />
            <line number="37" hits="9" branch="true" condition-coverage="100% (2/2)" />
            <line number="38" hits="7" branch="false" />
            <line number="39" hits="9" branch="false" />
            <line number="41" hits="3" branch="false" />
            <line number="43" hits="3" branch="false" />
            <line number="44" hits="3" branch="false" />
            <line number="45" hits="3" branch="false" />
            <line number="47" hits="3" branch="false" />
            <line number="50" hits="6" branch="false" />
            <line number="52" hits="6" branch="false" />
            <line number="53" hits="24" branch="false" />
            <line number="55" hits="6" branch="true" condition-coverage="100% (2/2)" />
            <line number="56" hits="2" branch="false" />
            <line number="58" hits="36" branch="true" condition-coverage="100% (2/2)" />
            <line number="59" hits="12" branch="false" />
            <line number="60" hits="21" branch="true" condition-coverage="100% (2/2)" />
            <line number="61" hits="9" branch="false" />
            <line number="62" hits="9" branch="false" />
            <line number="63" hits="21" branch="false" />
            <line number="64" hits="12" branch="false" />
            <line number="66" hits="4" branch="true" condition-coverage="100% (2/2)" />
            <line number="67" hits="1" branch="false" />
            <line number="68" hits="3" branch="false" />
            <line number="69" hits="3" branch="false" />
            <line number="70" hits="3" branch="false" />
            <line number="71" hits="3" branch="false" />
            <line number="73" hits="3" branch="false" />
          </lines>
        </class>
      </classes>
    </package>
  </packages>
</coverage>