TpTrace Verbose: 0 : 16844, 1, 2021/06/10, 00:44:49.676, 13975141043817, vstest.console.dll, Version: 16.8.3
TpTrace Information: 0 : 16844, 1, 2021/06/10, 00:44:49.682, 13975141098200, vstest.console.dll, FilePatternParser: The given file C:\Users\yivan\source\repos\ConsoleApp3\Test\bin\Debug\netcoreapp3.1\fine-code-coverage\build-output\Test.dll is a full path.
TpTrace Verbose: 0 : 16844, 1, 2021/06/10, 00:44:49.687, 13975141146290, vstest.console.dll, TestPluginCache.DiscoverTestExtensions: finding test extensions in assemblies ends with: RuntimeProvider.dll TPluginInfo: Microsoft.VisualStudio.TestPlatform.Common.ExtensionFramework.Utilities.TestRuntimePluginInformation TExtension: Microsoft.VisualStudio.TestPlatform.ObjectModel.Host.ITestRuntimeProvider
TpTrace Verbose: 0 : 16844, 1, 2021/06/10, 00:44:49.687, 13975141152570, vstest.console.dll, TestPluginCache.GetExtensionPaths: Filtered extension paths: 
TpTrace Verbose: 0 : 16844, 1, 2021/06/10, 00:44:49.688, 13975141153315, vstest.console.dll, TestPluginCache.GetExtensionPaths: Added default extension paths: C:\Program Files\dotnet\sdk\5.0.103\Extensions\Microsoft.Diagnostics.NETCore.Client.dll
C:\Program Files\dotnet\sdk\5.0.103\Extensions\Microsoft.TestPlatform.Extensions.BlameDataCollector.dll
C:\Program Files\dotnet\sdk\5.0.103\Extensions\Microsoft.TestPlatform.Extensions.EventLogCollector.dll
C:\Program Files\dotnet\sdk\5.0.103\Extensions\Microsoft.TestPlatform.TestHostRuntimeProvider.dll
C:\Program Files\dotnet\sdk\5.0.103\Extensions\Microsoft.VisualStudio.TestPlatform.Extensions.Html.TestLogger.dll
C:\Program Files\dotnet\sdk\5.0.103\Extensions\Microsoft.VisualStudio.TestPlatform.Extensions.Trx.TestLogger.dll
TpTrace Verbose: 0 : 16844, 1, 2021/06/10, 00:44:49.688, 13975141153641, vstest.console.dll, TestPluginCache.GetExtensionPaths: Added unfilterableExtensionPaths: 
TpTrace Information: 0 : 16844, 1, 2021/06/10, 00:44:49.688, 13975141159330, vstest.console.dll, AssemblyResolver.ctor: Creating AssemblyResolver with searchDirectories C:\Program Files\dotnet\sdk\5.0.103\Extensions,C:\Program Files\dotnet\sdk\5.0.103
TpTrace Verbose: 0 : 16844, 1, 2021/06/10, 00:44:49.689, 13975141165602, vstest.console.dll, TestPluginCache.DiscoverTestExtensions: Discovering the extensions using extension path.
TpTrace Verbose: 0 : 16844, 1, 2021/06/10, 00:44:49.689, 13975141166362, vstest.console.dll, TestPluginCache.GetExtensionPaths: Filtered extension paths: 
TpTrace Verbose: 0 : 16844, 1, 2021/06/10, 00:44:49.689, 13975141166653, vstest.console.dll, TestPluginCache.GetExtensionPaths: Added default extension paths: C:\Program Files\dotnet\sdk\5.0.103\Extensions\Microsoft.Diagnostics.NETCore.Client.dll
C:\Program Files\dotnet\sdk\5.0.103\Extensions\Microsoft.TestPlatform.Extensions.BlameDataCollector.dll
C:\Program Files\dotnet\sdk\5.0.103\Extensions\Microsoft.TestPlatform.Extensions.EventLogCollector.dll
C:\Program Files\dotnet\sdk\5.0.103\Extensions\Microsoft.TestPlatform.TestHostRuntimeProvider.dll
C:\Program Files\dotnet\sdk\5.0.103\Extensions\Microsoft.VisualStudio.TestPlatform.Extensions.Html.TestLogger.dll
C:\Program Files\dotnet\sdk\5.0.103\Extensions\Microsoft.VisualStudio.TestPlatform.Extensions.Trx.TestLogger.dll
TpTrace Verbose: 0 : 16844, 1, 2021/06/10, 00:44:49.689, 13975141166915, vstest.console.dll, TestPluginCache.GetExtensionPaths: Added unfilterableExtensionPaths: 
TpTrace Verbose: 0 : 16844, 1, 2021/06/10, 00:44:49.689, 13975141167314, vstest.console.dll, TestPluginCache.DiscoverTestExtensions: Discovering the extensions using allExtensionPaths: C:\Program Files\dotnet\sdk\5.0.103\Extensions\Microsoft.Diagnostics.NETCore.Client.dll
C:\Program Files\dotnet\sdk\5.0.103\Extensions\Microsoft.TestPlatform.Extensions.BlameDataCollector.dll
C:\Program Files\dotnet\sdk\5.0.103\Extensions\Microsoft.TestPlatform.Extensions.EventLogCollector.dll
C:\Program Files\dotnet\sdk\5.0.103\Extensions\Microsoft.TestPlatform.TestHostRuntimeProvider.dll
C:\Program Files\dotnet\sdk\5.0.103\Extensions\Microsoft.VisualStudio.TestPlatform.Extensions.Html.TestLogger.dll
C:\Program Files\dotnet\sdk\5.0.103\Extensions\Microsoft.VisualStudio.TestPlatform.Extensions.Trx.TestLogger.dll
TpTrace Information: 0 : 16844, 1, 2021/06/10, 00:44:49.689, 13975141168362, vstest.console.dll, AssemblyResolver.AddSearchDirectories: Adding more searchDirectories C:\Program Files\dotnet\sdk\5.0.103\Extensions,C:\Program Files\dotnet\sdk\5.0.103
TpTrace Information: 0 : 16844, 1, 2021/06/10, 00:44:49.689, 13975141168804, vstest.console.dll, AssemblyResolver.AddSearchDirectories: Adding more searchDirectories C:\Program Files\dotnet\sdk\5.0.103\Extensions,C:\Program Files\dotnet\sdk\5.0.103
TpTrace Information: 0 : 16844, 1, 2021/06/10, 00:44:49.689, 13975141169108, vstest.console.dll, AssemblyResolver.AddSearchDirectories: Adding more searchDirectories C:\Program Files\dotnet\sdk\5.0.103\Extensions,C:\Program Files\dotnet\sdk\5.0.103
TpTrace Information: 0 : 16844, 1, 2021/06/10, 00:44:49.689, 13975141169334, vstest.console.dll, AssemblyResolver.AddSearchDirectories: Adding more searchDirectories C:\Program Files\dotnet\sdk\5.0.103\Extensions,C:\Program Files\dotnet\sdk\5.0.103
TpTrace Information: 0 : 16844, 1, 2021/06/10, 00:44:49.689, 13975141169545, vstest.console.dll, AssemblyResolver.AddSearchDirectories: Adding more searchDirectories C:\Program Files\dotnet\sdk\5.0.103\Extensions,C:\Program Files\dotnet\sdk\5.0.103
TpTrace Information: 0 : 16844, 1, 2021/06/10, 00:44:49.689, 13975141169780, vstest.console.dll, AssemblyResolver.AddSearchDirectories: Adding more searchDirectories C:\Program Files\dotnet\sdk\5.0.103\Extensions,C:\Program Files\dotnet\sdk\5.0.103
TpTrace Information: 0 : 16844, 1, 2021/06/10, 00:44:49.689, 13975141172115, vstest.console.dll, AssemblyResolver.OnResolve: Microsoft.Diagnostics.NETCore.Client: Resolving assembly.
TpTrace Information: 0 : 16844, 1, 2021/06/10, 00:44:49.690, 13975141178816, vstest.console.dll, AssemblyResolver.OnResolve: Resolved assembly: Microsoft.Diagnostics.NETCore.Client, from path: C:\Program Files\dotnet\sdk\5.0.103\Extensions\Microsoft.Diagnostics.NETCore.Client.dll
TpTrace Information: 0 : 16844, 1, 2021/06/10, 00:44:49.691, 13975141191939, vstest.console.dll, AssemblyResolver.OnResolve: Microsoft.Bcl.AsyncInterfaces: Resolving assembly.
TpTrace Information: 0 : 16844, 1, 2021/06/10, 00:44:49.692, 13975141193438, vstest.console.dll, AssemblyResolver.OnResolve: Microsoft.Bcl.AsyncInterfaces: Failed to load assembly.
TpTrace Verbose: 0 : 16844, 1, 2021/06/10, 00:44:49.692, 13975141193850, vstest.console.dll, CurrentDomain_AssemblyResolve: Resolving assembly 'Microsoft.Bcl.AsyncInterfaces'.
TpTrace Information: 0 : 16844, 1, 2021/06/10, 00:44:49.692, 13975141194312, vstest.console.dll, AssemblyResolver.OnResolve: Microsoft.Bcl.AsyncInterfaces: Resolving assembly.
TpTrace Information: 0 : 16844, 1, 2021/06/10, 00:44:49.692, 13975141194582, vstest.console.dll, AssemblyResolver.OnResolve: Microsoft.Bcl.AsyncInterfaces: Resolved from cache.
TpTrace Verbose: 0 : 16844, 1, 2021/06/10, 00:44:49.692, 13975141194806, vstest.console.dll, CurrentDomain_AssemblyResolve: Resolving assembly 'Microsoft.Bcl.AsyncInterfaces'.
TpTrace Verbose: 0 : 16844, 1, 2021/06/10, 00:44:49.692, 13975141195072, vstest.console.dll, CurrentDomainAssemblyResolve: Failed to resolve assembly 'Microsoft.Bcl.AsyncInterfaces'.
TpTrace Verbose: 0 : 16844, 1, 2021/06/10, 00:44:49.692, 13975141200665, vstest.console.dll, CurrentDomainAssemblyResolve: Failed to resolve assembly 'Microsoft.Bcl.AsyncInterfaces'.
TpTrace Warning: 0 : 16844, 1, 2021/06/10, 00:44:49.702, 13975141296847, vstest.console.dll, TestPluginDiscoverer: Failed to get types from assembly 'Microsoft.Diagnostics.NETCore.Client, Version=0.2.2.41902, Culture=neutral, PublicKeyToken=31bf3856ad364e35'.  Skipping test extension scan for this assembly.  Error: System.Reflection.ReflectionTypeLoadException: Unable to load one or more of the requested types.
Could not load file or assembly 'Microsoft.Bcl.AsyncInterfaces, Version=1.0.0.0, Culture=neutral, PublicKeyToken=cc7b13ffcd2ddd51'. O sistema não pode encontrar o arquivo especificado.
   at System.Reflection.RuntimeModule.GetTypes(RuntimeModule module)
   at System.Reflection.RuntimeModule.GetTypes()
   at System.Reflection.Assembly.GetTypes()
   at Microsoft.VisualStudio.TestPlatform.Common.ExtensionFramework.TestPluginDiscoverer.GetTestExtensionsFromAssembly[TPluginInfo,TExtension](Assembly assembly, Dictionary`2 pluginInfos)
System.IO.FileNotFoundException: Could not load file or assembly 'Microsoft.Bcl.AsyncInterfaces, Version=1.0.0.0, Culture=neutral, PublicKeyToken=cc7b13ffcd2ddd51'. O sistema não pode encontrar o arquivo especificado.
File name: 'Microsoft.Bcl.AsyncInterfaces, Version=1.0.0.0, Culture=neutral, PublicKeyToken=cc7b13ffcd2ddd51'
TpTrace Warning: 0 : 16844, 1, 2021/06/10, 00:44:49.702, 13975141298778, vstest.console.dll, LoaderExceptions: System.IO.FileNotFoundException: Could not load file or assembly 'Microsoft.Bcl.AsyncInterfaces, Version=1.0.0.0, Culture=neutral, PublicKeyToken=cc7b13ffcd2ddd51'. O sistema não pode encontrar o arquivo especificado.
File name: 'Microsoft.Bcl.AsyncInterfaces, Version=1.0.0.0, Culture=neutral, PublicKeyToken=cc7b13ffcd2ddd51'
TpTrace Information: 0 : 16844, 1, 2021/06/10, 00:44:49.702, 13975141299648, vstest.console.dll, AssemblyResolver.OnResolve: Microsoft.TestPlatform.Extensions.BlameDataCollector: Resolving assembly.
TpTrace Information: 0 : 16844, 1, 2021/06/10, 00:44:49.703, 13975141307103, vstest.console.dll, AssemblyResolver.OnResolve: Resolved assembly: Microsoft.TestPlatform.Extensions.BlameDataCollector, from path: C:\Program Files\dotnet\sdk\5.0.103\Extensions\Microsoft.TestPlatform.Extensions.BlameDataCollector.dll
TpTrace Information: 0 : 16844, 1, 2021/06/10, 00:44:49.703, 13975141311621, vstest.console.dll, AssemblyResolver.OnResolve: Microsoft.TestPlatform.Extensions.EventLogCollector: Resolving assembly.
TpTrace Information: 0 : 16844, 1, 2021/06/10, 00:44:49.704, 13975141316835, vstest.console.dll, AssemblyResolver.OnResolve: Resolved assembly: Microsoft.TestPlatform.Extensions.EventLogCollector, from path: C:\Program Files\dotnet\sdk\5.0.103\Extensions\Microsoft.TestPlatform.Extensions.EventLogCollector.dll
TpTrace Information: 0 : 16844, 1, 2021/06/10, 00:44:49.705, 13975141327123, vstest.console.dll, AssemblyResolver.OnResolve: Microsoft.TestPlatform.TestHostRuntimeProvider: Resolving assembly.
TpTrace Information: 0 : 16844, 1, 2021/06/10, 00:44:49.705, 13975141332390, vstest.console.dll, AssemblyResolver.OnResolve: Resolved assembly: Microsoft.TestPlatform.TestHostRuntimeProvider, from path: C:\Program Files\dotnet\sdk\5.0.103\Extensions\Microsoft.TestPlatform.TestHostRuntimeProvider.dll
TpTrace Information: 0 : 16844, 1, 2021/06/10, 00:44:49.706, 13975141339914, vstest.console.dll, AssemblyResolver.OnResolve: Microsoft.VisualStudio.TestPlatform.Extensions.Html.TestLogger: Resolving assembly.
TpTrace Information: 0 : 16844, 1, 2021/06/10, 00:44:49.707, 13975141344865, vstest.console.dll, AssemblyResolver.OnResolve: Resolved assembly: Microsoft.VisualStudio.TestPlatform.Extensions.Html.TestLogger, from path: C:\Program Files\dotnet\sdk\5.0.103\Extensions\Microsoft.VisualStudio.TestPlatform.Extensions.Html.TestLogger.dll
TpTrace Information: 0 : 16844, 1, 2021/06/10, 00:44:49.707, 13975141346604, vstest.console.dll, AssemblyResolver.OnResolve: Microsoft.VisualStudio.TestPlatform.Extensions.Trx.TestLogger: Resolving assembly.
TpTrace Information: 0 : 16844, 1, 2021/06/10, 00:44:49.707, 13975141351768, vstest.console.dll, AssemblyResolver.OnResolve: Resolved assembly: Microsoft.VisualStudio.TestPlatform.Extensions.Trx.TestLogger, from path: C:\Program Files\dotnet\sdk\5.0.103\Extensions\Microsoft.VisualStudio.TestPlatform.Extensions.Trx.TestLogger.dll
TpTrace Verbose: 0 : 16844, 1, 2021/06/10, 00:44:49.708, 13975141359725, vstest.console.dll, TestPluginCache: Discovered the extensions using extension path ''.
TpTrace Verbose: 0 : 16844, 1, 2021/06/10, 00:44:49.708, 13975141360123, vstest.console.dll, TestPluginCache: Discoverers are ''.
TpTrace Verbose: 0 : 16844, 1, 2021/06/10, 00:44:49.708, 13975141360330, vstest.console.dll, TestPluginCache: Executors are ''.
TpTrace Verbose: 0 : 16844, 1, 2021/06/10, 00:44:49.708, 13975141360535, vstest.console.dll, TestPluginCache: Executors2 are ''.
TpTrace Verbose: 0 : 16844, 1, 2021/06/10, 00:44:49.708, 13975141360764, vstest.console.dll, TestPluginCache: Setting providers are ''.
TpTrace Verbose: 0 : 16844, 1, 2021/06/10, 00:44:49.708, 13975141360974, vstest.console.dll, TestPluginCache: Loggers are ''.
TpTrace Information: 0 : 16844, 1, 2021/06/10, 00:44:49.711, 13975141390643, vstest.console.dll, RunTestsArgumentProcessor:Execute: Test run is starting.
TpTrace Verbose: 0 : 16844, 1, 2021/06/10, 00:44:49.711, 13975141391122, vstest.console.dll, RunTestsArgumentProcessor:Execute: Queuing Test run.
TpTrace Information: 0 : 16844, 1, 2021/06/10, 00:44:49.711, 13975141392305, vstest.console.dll, TestRequestManager.RunTests: run tests started.
TpTrace Information: 0 : 16844, 1, 2021/06/10, 00:44:49.714, 13975141413610, vstest.console.dll, AssemblyMetadataProvider.GetFrameWork: Determined framework:'.NETCoreApp,Version=v3.1' for source: 'C:\Users\yivan\source\repos\ConsoleApp3\Test\bin\Debug\netcoreapp3.1\fine-code-coverage\build-output\Test.dll'
TpTrace Information: 0 : 16844, 1, 2021/06/10, 00:44:49.714, 13975141414722, vstest.console.dll, Determined framework for all sources: .NETCoreApp,Version=v3.1
TpTrace Information: 0 : 16844, 1, 2021/06/10, 00:44:49.714, 13975141418006, vstest.console.dll, AssemblyMetadataProvider.GetArchitecture: Determined architecture:AnyCPU info for assembly: C:\Users\yivan\source\repos\ConsoleApp3\Test\bin\Debug\netcoreapp3.1\fine-code-coverage\build-output\Test.dll
TpTrace Information: 0 : 16844, 1, 2021/06/10, 00:44:49.715, 13975141431339, vstest.console.dll, Determined platform for all sources: X64
TpTrace Information: 0 : 16844, 1, 2021/06/10, 00:44:49.717, 13975141450220, vstest.console.dll, Compatible sources list : 
TpTrace Information: 0 : 16844, 1, 2021/06/10, 00:44:49.717, 13975141450741, vstest.console.dll, C:\Users\yivan\source\repos\ConsoleApp3\Test\bin\Debug\netcoreapp3.1\fine-code-coverage\build-output\Test.dll
TpTrace Information: 0 : 16844, 1, 2021/06/10, 00:44:49.719, 13975141466144, vstest.console.dll, InferRunSettingsHelper.IsTestSettingsEnabled: Unable to navigate to RunSettings/MSTest. Current node: RunSettings
TpTrace Information: 0 : 16844, 1, 2021/06/10, 00:44:49.719, 13975141471695, vstest.console.dll, AssemblyResolver.OnResolve: Microsoft.VisualStudio.TestPlatform.Fakes: Resolving assembly.
TpTrace Information: 0 : 16844, 1, 2021/06/10, 00:44:49.720, 13975141473513, vstest.console.dll, AssemblyResolver.OnResolve: Microsoft.VisualStudio.TestPlatform.Fakes: Failed to load assembly.
TpTrace Information: 0 : 16844, 1, 2021/06/10, 00:44:49.720, 13975141476103, vstest.console.dll, Failed to create newly implemented Fakes Configurator. Reason:System.IO.FileNotFoundException: Could not load file or assembly 'Microsoft.VisualStudio.TestPlatform.Fakes, Version=16.0.0.0, Culture=neutral, PublicKeyToken=null'. O sistema não pode encontrar o arquivo especificado.
File name: 'Microsoft.VisualStudio.TestPlatform.Fakes, Version=16.0.0.0, Culture=neutral, PublicKeyToken=null'
   at System.Reflection.RuntimeAssembly.InternalLoad(ObjectHandleOnStack assemblyName, ObjectHandleOnStack requestingAssembly, StackCrawlMarkHandle stackMark, Boolean throwOnFileNotFound, ObjectHandleOnStack assemblyLoadContext, ObjectHandleOnStack retAssembly)
   at System.Reflection.RuntimeAssembly.InternalLoad(AssemblyName assemblyName, RuntimeAssembly requestingAssembly, StackCrawlMark& stackMark, Boolean throwOnFileNotFound, AssemblyLoadContext assemblyLoadContext)
   at System.Reflection.Assembly.Load(String assemblyString)
   at Microsoft.VisualStudio.TestPlatform.Common.Utilities.FakesUtilities.TryGetFakesCrossPlatformDataCollectorConfigurator() 
TpTrace Verbose: 0 : 16844, 1, 2021/06/10, 00:44:49.722, 13975141499513, vstest.console.dll, TestPluginCache.DiscoverTestExtensions: finding test extensions in assemblies ends with: TestLogger.dll TPluginInfo: Microsoft.VisualStudio.TestPlatform.Common.ExtensionFramework.Utilities.TestLoggerPluginInformation TExtension: Microsoft.VisualStudio.TestPlatform.ObjectModel.Client.ITestLogger
TpTrace Verbose: 0 : 16844, 1, 2021/06/10, 00:44:49.722, 13975141500491, vstest.console.dll, TestPluginCache.GetExtensionPaths: Filtered extension paths: 
TpTrace Verbose: 0 : 16844, 1, 2021/06/10, 00:44:49.722, 13975141500826, vstest.console.dll, TestPluginCache.GetExtensionPaths: Added default extension paths: C:\Program Files\dotnet\sdk\5.0.103\Extensions\Microsoft.Diagnostics.NETCore.Client.dll
C:\Program Files\dotnet\sdk\5.0.103\Extensions\Microsoft.TestPlatform.Extensions.BlameDataCollector.dll
C:\Program Files\dotnet\sdk\5.0.103\Extensions\Microsoft.TestPlatform.Extensions.EventLogCollector.dll
C:\Program Files\dotnet\sdk\5.0.103\Extensions\Microsoft.TestPlatform.TestHostRuntimeProvider.dll
C:\Program Files\dotnet\sdk\5.0.103\Extensions\Microsoft.VisualStudio.TestPlatform.Extensions.Html.TestLogger.dll
C:\Program Files\dotnet\sdk\5.0.103\Extensions\Microsoft.VisualStudio.TestPlatform.Extensions.Trx.TestLogger.dll
TpTrace Verbose: 0 : 16844, 1, 2021/06/10, 00:44:49.722, 13975141501109, vstest.console.dll, TestPluginCache.GetExtensionPaths: Added unfilterableExtensionPaths: 
TpTrace Information: 0 : 16844, 1, 2021/06/10, 00:44:49.722, 13975141502154, vstest.console.dll, AssemblyResolver.AddSearchDirectories: Adding more searchDirectories C:\Program Files\dotnet\sdk\5.0.103\Extensions,C:\Program Files\dotnet\sdk\5.0.103
TpTrace Verbose: 0 : 16844, 1, 2021/06/10, 00:44:49.722, 13975141502535, vstest.console.dll, TestPluginCache.DiscoverTestExtensions: Discovering the extensions using extension path.
TpTrace Verbose: 0 : 16844, 1, 2021/06/10, 00:44:49.723, 13975141502758, vstest.console.dll, TestPluginCache.GetExtensionPaths: Filtered extension paths: 
TpTrace Verbose: 0 : 16844, 1, 2021/06/10, 00:44:49.723, 13975141502966, vstest.console.dll, TestPluginCache.GetExtensionPaths: Added default extension paths: C:\Program Files\dotnet\sdk\5.0.103\Extensions\Microsoft.Diagnostics.NETCore.Client.dll
C:\Program Files\dotnet\sdk\5.0.103\Extensions\Microsoft.TestPlatform.Extensions.BlameDataCollector.dll
C:\Program Files\dotnet\sdk\5.0.103\Extensions\Microsoft.TestPlatform.Extensions.EventLogCollector.dll
C:\Program Files\dotnet\sdk\5.0.103\Extensions\Microsoft.TestPlatform.TestHostRuntimeProvider.dll
C:\Program Files\dotnet\sdk\5.0.103\Extensions\Microsoft.VisualStudio.TestPlatform.Extensions.Html.TestLogger.dll
C:\Program Files\dotnet\sdk\5.0.103\Extensions\Microsoft.VisualStudio.TestPlatform.Extensions.Trx.TestLogger.dll
TpTrace Verbose: 0 : 16844, 1, 2021/06/10, 00:44:49.723, 13975141503241, vstest.console.dll, TestPluginCache.GetExtensionPaths: Added unfilterableExtensionPaths: 
TpTrace Verbose: 0 : 16844, 1, 2021/06/10, 00:44:49.723, 13975141503464, vstest.console.dll, TestPluginCache.DiscoverTestExtensions: Discovering the extensions using allExtensionPaths: C:\Program Files\dotnet\sdk\5.0.103\Extensions\Microsoft.Diagnostics.NETCore.Client.dll
C:\Program Files\dotnet\sdk\5.0.103\Extensions\Microsoft.TestPlatform.Extensions.BlameDataCollector.dll
C:\Program Files\dotnet\sdk\5.0.103\Extensions\Microsoft.TestPlatform.Extensions.EventLogCollector.dll
C:\Program Files\dotnet\sdk\5.0.103\Extensions\Microsoft.TestPlatform.TestHostRuntimeProvider.dll
C:\Program Files\dotnet\sdk\5.0.103\Extensions\Microsoft.VisualStudio.TestPlatform.Extensions.Html.TestLogger.dll
C:\Program Files\dotnet\sdk\5.0.103\Extensions\Microsoft.VisualStudio.TestPlatform.Extensions.Trx.TestLogger.dll
TpTrace Information: 0 : 16844, 1, 2021/06/10, 00:44:49.723, 13975141503813, vstest.console.dll, AssemblyResolver.AddSearchDirectories: Adding more searchDirectories C:\Program Files\dotnet\sdk\5.0.103\Extensions,C:\Program Files\dotnet\sdk\5.0.103
TpTrace Information: 0 : 16844, 1, 2021/06/10, 00:44:49.723, 13975141504061, vstest.console.dll, AssemblyResolver.AddSearchDirectories: Adding more searchDirectories C:\Program Files\dotnet\sdk\5.0.103\Extensions,C:\Program Files\dotnet\sdk\5.0.103
TpTrace Information: 0 : 16844, 1, 2021/06/10, 00:44:49.723, 13975141504302, vstest.console.dll, AssemblyResolver.AddSearchDirectories: Adding more searchDirectories C:\Program Files\dotnet\sdk\5.0.103\Extensions,C:\Program Files\dotnet\sdk\5.0.103
TpTrace Information: 0 : 16844, 1, 2021/06/10, 00:44:49.723, 13975141504578, vstest.console.dll, AssemblyResolver.AddSearchDirectories: Adding more searchDirectories C:\Program Files\dotnet\sdk\5.0.103\Extensions,C:\Program Files\dotnet\sdk\5.0.103
TpTrace Information: 0 : 16844, 1, 2021/06/10, 00:44:49.723, 13975141504803, vstest.console.dll, AssemblyResolver.AddSearchDirectories: Adding more searchDirectories C:\Program Files\dotnet\sdk\5.0.103\Extensions,C:\Program Files\dotnet\sdk\5.0.103
TpTrace Information: 0 : 16844, 1, 2021/06/10, 00:44:49.723, 13975141505016, vstest.console.dll, AssemblyResolver.AddSearchDirectories: Adding more searchDirectories C:\Program Files\dotnet\sdk\5.0.103\Extensions,C:\Program Files\dotnet\sdk\5.0.103
TpTrace Information: 0 : 16844, 1, 2021/06/10, 00:44:49.723, 13975141506267, vstest.console.dll, AssemblyResolver.OnResolve: Microsoft.Bcl.AsyncInterfaces: Resolving assembly.
TpTrace Information: 0 : 16844, 1, 2021/06/10, 00:44:49.723, 13975141506557, vstest.console.dll, AssemblyResolver.OnResolve: Microsoft.Bcl.AsyncInterfaces: Resolved from cache.
TpTrace Verbose: 0 : 16844, 1, 2021/06/10, 00:44:49.723, 13975141506794, vstest.console.dll, CurrentDomain_AssemblyResolve: Resolving assembly 'Microsoft.Bcl.AsyncInterfaces'.
TpTrace Information: 0 : 16844, 1, 2021/06/10, 00:44:49.723, 13975141507181, vstest.console.dll, AssemblyResolver.OnResolve: Microsoft.Bcl.AsyncInterfaces: Resolving assembly.
TpTrace Information: 0 : 16844, 1, 2021/06/10, 00:44:49.723, 13975141507407, vstest.console.dll, AssemblyResolver.OnResolve: Microsoft.Bcl.AsyncInterfaces: Resolved from cache.
TpTrace Verbose: 0 : 16844, 1, 2021/06/10, 00:44:49.723, 13975141507657, vstest.console.dll, CurrentDomain_AssemblyResolve: Resolving assembly 'Microsoft.Bcl.AsyncInterfaces'.
TpTrace Verbose: 0 : 16844, 1, 2021/06/10, 00:44:49.723, 13975141507860, vstest.console.dll, CurrentDomainAssemblyResolve: Failed to resolve assembly 'Microsoft.Bcl.AsyncInterfaces'.
TpTrace Verbose: 0 : 16844, 1, 2021/06/10, 00:44:49.723, 13975141508906, vstest.console.dll, CurrentDomainAssemblyResolve: Failed to resolve assembly 'Microsoft.Bcl.AsyncInterfaces'.
TpTrace Warning: 0 : 16844, 1, 2021/06/10, 00:44:49.723, 13975141510900, vstest.console.dll, TestPluginDiscoverer: Failed to get types from assembly 'Microsoft.Diagnostics.NETCore.Client, Version=0.2.2.41902, Culture=neutral, PublicKeyToken=31bf3856ad364e35'.  Skipping test extension scan for this assembly.  Error: System.Reflection.ReflectionTypeLoadException: Unable to load one or more of the requested types.
Could not load file or assembly 'Microsoft.Bcl.AsyncInterfaces, Version=1.0.0.0, Culture=neutral, PublicKeyToken=cc7b13ffcd2ddd51'. O sistema não pode encontrar o arquivo especificado.
   at System.Reflection.RuntimeModule.GetTypes(RuntimeModule module)
   at System.Reflection.RuntimeModule.GetTypes()
   at System.Reflection.Assembly.GetTypes()
   at Microsoft.VisualStudio.TestPlatform.Common.ExtensionFramework.TestPluginDiscoverer.GetTestExtensionsFromAssembly[TPluginInfo,TExtension](Assembly assembly, Dictionary`2 pluginInfos)
System.IO.FileNotFoundException: Could not load file or assembly 'Microsoft.Bcl.AsyncInterfaces, Version=1.0.0.0, Culture=neutral, PublicKeyToken=cc7b13ffcd2ddd51'. O sistema não pode encontrar o arquivo especificado.
File name: 'Microsoft.Bcl.AsyncInterfaces, Version=1.0.0.0, Culture=neutral, PublicKeyToken=cc7b13ffcd2ddd51'
TpTrace Warning: 0 : 16844, 1, 2021/06/10, 00:44:49.723, 13975141511258, vstest.console.dll, LoaderExceptions: System.IO.FileNotFoundException: Could not load file or assembly 'Microsoft.Bcl.AsyncInterfaces, Version=1.0.0.0, Culture=neutral, PublicKeyToken=cc7b13ffcd2ddd51'. O sistema não pode encontrar o arquivo especificado.
File name: 'Microsoft.Bcl.AsyncInterfaces, Version=1.0.0.0, Culture=neutral, PublicKeyToken=cc7b13ffcd2ddd51'
TpTrace Verbose: 0 : 16844, 1, 2021/06/10, 00:44:49.724, 13975141513552, vstest.console.dll, TestPluginCache: Discovered the extensions using extension path ''.
TpTrace Verbose: 0 : 16844, 1, 2021/06/10, 00:44:49.724, 13975141513887, vstest.console.dll, TestPluginCache: Discoverers are ''.
TpTrace Verbose: 0 : 16844, 1, 2021/06/10, 00:44:49.724, 13975141514091, vstest.console.dll, TestPluginCache: Executors are ''.
TpTrace Verbose: 0 : 16844, 1, 2021/06/10, 00:44:49.724, 13975141514272, vstest.console.dll, TestPluginCache: Executors2 are ''.
TpTrace Verbose: 0 : 16844, 1, 2021/06/10, 00:44:49.724, 13975141514481, vstest.console.dll, TestPluginCache: Setting providers are ''.
TpTrace Verbose: 0 : 16844, 1, 2021/06/10, 00:44:49.724, 13975141515016, vstest.console.dll, TestPluginCache: Loggers are 'logger://Microsoft/TestPlatform/Extensions/Blame/v1,logger://Microsoft/TestPlatform/HtmlLogger/v1,logger://Microsoft/TestPlatform/TrxLogger/v1'.
TpTrace Information: 0 : 16844, 1, 2021/06/10, 00:44:49.724, 13975141519715, vstest.console.dll, TestPluginManager.CreateTestExtension: Attempting to load test extension: Microsoft.TestPlatform.Extensions.BlameDataCollector.BlameLogger
TpTrace Information: 0 : 16844, 1, 2021/06/10, 00:44:49.731, 13975141583491, vstest.console.dll, TestPluginManager.CreateTestExtension: Attempting to load test extension: Microsoft.VisualStudio.TestPlatform.CrossPlatEngine.Hosting.DefaultTestHostManager
TpTrace Information: 0 : 16844, 1, 2021/06/10, 00:44:49.731, 13975141585675, vstest.console.dll, TestPluginManager.CreateTestExtension: Attempting to load test extension: Microsoft.VisualStudio.TestPlatform.CrossPlatEngine.Hosting.DotnetTestHostManager
TpTrace Verbose: 0 : 16844, 1, 2021/06/10, 00:44:49.731, 13975141589303, vstest.console.dll, TestEngine: Initializing Parallel Execution as MaxCpuCount is set to: 1
TpTrace Information: 0 : 16844, 1, 2021/06/10, 00:44:49.732, 13975141592834, vstest.console.dll, InferRunSettingsHelper.IsTestSettingsEnabled: Unable to navigate to RunSettings/MSTest. Current node: RunSettings
TpTrace Verbose: 0 : 16844, 1, 2021/06/10, 00:44:49.739, 13975141672185, vstest.console.dll, TestRequestSender is acting as server
TpTrace Verbose: 0 : 16844, 4, 2021/06/10, 00:44:49.742, 13975141692914, vstest.console.dll, DataCollectionRequestSender.InitializeCommunication : Initialize communication. 
TpTrace Information: 0 : 16844, 4, 2021/06/10, 00:44:49.749, 13975141762700, vstest.console.dll, Listening on Endpoint : 127.0.0.1:59047
TpTrace Verbose: 0 : 16844, 4, 2021/06/10, 00:44:49.756, 13975141835814, vstest.console.dll, DotnetDataCollectionLauncher: Full path of dotnet.exe is C:\Program Files\dotnet\dotnet.exe
TpTrace Verbose: 0 : 16844, 4, 2021/06/10, 00:44:49.756, 13975141836995, vstest.console.dll, DotnetDataCollectionLauncher: Adding  --runtimeconfig "C:\Program Files\dotnet\sdk\5.0.103\datacollector.runtimeconfig.json" in args
TpTrace Verbose: 0 : 16844, 4, 2021/06/10, 00:44:49.756, 13975141837663, vstest.console.dll, DotnetDataCollectionLauncher: Adding  --depsfile "C:\Program Files\dotnet\sdk\5.0.103\datacollector.deps.json" in args
TpTrace Information: 0 : 16844, 4, 2021/06/10, 00:44:49.762, 13975141899683, vstest.console.dll, ProxyDataCollectionManager.Initialize: Launched datacollector processId: 14608 port: 59047
TpTrace Information: 0 : 16844, 4, 2021/06/10, 00:44:49.762, 13975141901005, vstest.console.dll, ProxyDataCollectionManager.Initialize: waiting for connection with timeout: 90 seconds
TpTrace Verbose: 0 : 16844, 4, 2021/06/10, 00:44:49.762, 13975141901504, vstest.console.dll, DataCollectionRequestSender.WaitForRequestHandlerConnection : Waiting for connection with timeout: 90000
TpTrace Information: 0 : 16844, 7, 2021/06/10, 00:44:49.869, 13975142967437, vstest.console.dll, Using the buffer size of 16384 bytes
TpTrace Information: 0 : 16844, 7, 2021/06/10, 00:44:49.869, 13975142968096, vstest.console.dll, Accepted Client request and set the flag
TpTrace Verbose: 0 : 16844, 4, 2021/06/10, 00:44:49.869, 13975142968173, vstest.console.dll, ProxyDataCollectionManager.InvokeDataCollectionServiceAction: Starting.
TpTrace Information: 0 : 16844, 4, 2021/06/10, 00:44:49.869, 13975142968999, vstest.console.dll, ProxyDataCollectionManager.BeforeTestRunStart: Get environment variable and port for datacollector processId: 14608 port: 59047
TpTrace Verbose: 0 : 16844, 4, 2021/06/10, 00:44:49.869, 13975142969713, vstest.console.dll, DataCollectionRequestSender.SendBeforeTestRunStartAndGetResult : Send BeforeTestRunStart message with settingsXml <RunSettings><RunConfiguration><ResultsDirectory>C:\Users\yivan\source\repos\ConsoleApp3\Test\bin\Debug\netcoreapp3.1\fine-code-coverage\coverage-tool-output</ResultsDirectory><TargetPlatform>X64</TargetPlatform><TargetFrameworkVersion>.NETCoreApp,Version=v3.1</TargetFrameworkVersion><DesignMode>False</DesignMode><CollectSourceInformation>False</CollectSourceInformation><TestAdaptersPaths>C:\Program Files\dotnet\sdk\5.0.103\Extensions</TestAdaptersPaths></RunConfiguration><LoggerRunSettings><Loggers><Logger friendlyName="blame" enabled="True" /><Logger friendlyName="Console" uri="logger://microsoft/TestPlatform/ConsoleLogger/v1" assemblyQualifiedName="Microsoft.VisualStudio.TestPlatform.CommandLine.Internal.ConsoleLogger, vstest.console, Version=15.0.0.0, Culture=neutral, PublicKeyToken=b03f5f7f11d50a3a" codeBase="C:\Program Files\dotnet\sdk\5.0.103\vstest.console.dll" enabled="True" /></Loggers></LoggerRunSettings><DataCollectionRunSettings><DataCollectors><DataCollector friendlyName="blame" enabled="True"><Configuration><ResultsDirectory>C:\Users\yivan\source\repos\ConsoleApp3\Test\bin\Debug\netcoreapp3.1\fine-code-coverage\coverage-tool-output</ResultsDirectory></Configuration></DataCollector></DataCollectors></DataCollectionRunSettings></RunSettings> and sources System.Linq.Enumerable+Concat2Iterator`1[System.String]: 
TpTrace Verbose: 0 : 16844, 4, 2021/06/10, 00:44:49.936, 13975143640765, vstest.console.dll, DataCollectionRequestSender.SendBeforeTestRunStartAndGetResult : Received message: (DataCollection.SendMessage) -> {
  "FriendlyName": null,
  "Uri": null,
  "TestCaseId": "00000000-0000-0000-0000-000000000000",
  "Message": "Logging DataCollector Diagnostics in file: C:\\Users\\yivan\\source\\repos\\ConsoleApp3\\Test\\bin\\Debug\\netcoreapp3.1\\fine-code-coverage\\coverage-tool-output\\diagnostics.datacollector.21-06-10_00-44-49_75335_4.log",
  "Level": 0
}
TpTrace Verbose: 0 : 16844, 4, 2021/06/10, 00:44:49.981, 13975144085429, vstest.console.dll, DataCollectionRequestSender.SendBeforeTestRunStartAndGetResult : Received message: (DataCollection.BeforeTestRunStartResult) -> {
  "EnvironmentVariables": {},
  "DataCollectionEventsPort": 59052
}
TpTrace Information: 0 : 16844, 4, 2021/06/10, 00:44:49.983, 13975144111371, vstest.console.dll, ProxyDataCollectionManager.BeforeTestRunStart: SendBeforeTestRunStartAndGetResult successful, env variable from datacollector:   and testhost port: 59052
TpTrace Information: 0 : 16844, 4, 2021/06/10, 00:44:49.983, 13975144111913, vstest.console.dll, ProxyDataCollectionManager.InvokeDataCollectionServiceAction: Completed.
TpTrace Verbose: 0 : 16844, 1, 2021/06/10, 00:44:49.984, 13975144112855, vstest.console.dll, TestRunRequest.ExecuteAsync: Creating test run request.
TpTrace Verbose: 0 : 16844, 1, 2021/06/10, 00:44:49.984, 13975144114937, vstest.console.dll, TestRunRequest.ExecuteAsync: Starting.
TpTrace Information: 0 : 16844, 1, 2021/06/10, 00:44:49.984, 13975144116949, vstest.console.dll, TestRunRequest.ExecuteAsync: Starting run with settings:TestRunCriteria:
   KeepAlive=False,FrequencyOfRunStatsChangeEvent=10,RunStatsChangeEventTimeout=00:00:01.5000000,TestCaseFilter=,TestExecutorLauncher=
   Settingsxml=<RunSettings>
  <RunConfiguration>
    <ResultsDirectory>C:\Users\yivan\source\repos\ConsoleApp3\Test\bin\Debug\netcoreapp3.1\fine-code-coverage\coverage-tool-output</ResultsDirectory>
    <TargetPlatform>X64</TargetPlatform>
    <TargetFrameworkVersion>.NETCoreApp,Version=v3.1</TargetFrameworkVersion>
    <DesignMode>False</DesignMode>
    <CollectSourceInformation>False</CollectSourceInformation>
  </RunConfiguration>
  <LoggerRunSettings>
    <Loggers>
      <Logger friendlyName="blame" enabled="True" />
      <Logger friendlyName="Console" uri="logger://microsoft/TestPlatform/ConsoleLogger/v1" assemblyQualifiedName="Microsoft.VisualStudio.TestPlatform.CommandLine.Internal.ConsoleLogger, vstest.console, Version=15.0.0.0, Culture=neutral, PublicKeyToken=b03f5f7f11d50a3a" codeBase="C:\Program Files\dotnet\sdk\5.0.103\vstest.console.dll" enabled="True" />
    </Loggers>
  </LoggerRunSettings>
  <DataCollectionRunSettings>
    <DataCollectors>
      <DataCollector friendlyName="blame" enabled="True">
        <Configuration>
          <ResultsDirectory>C:\Users\yivan\source\repos\ConsoleApp3\Test\bin\Debug\netcoreapp3.1\fine-code-coverage\coverage-tool-output</ResultsDirectory>
        </Configuration>
      </DataCollector>
    </DataCollectors>
  </DataCollectionRunSettings>
</RunSettings>

TpTrace Verbose: 0 : 16844, 1, 2021/06/10, 00:44:49.984, 13975144118039, vstest.console.dll, TestRunRequest.ExecuteAsync: Wait for the first run request is over.
TpTrace Verbose: 0 : 16844, 1, 2021/06/10, 00:44:49.984, 13975144121338, vstest.console.dll, ParallelProxyExecutionManager: Start execution. Total sources: 1
TpTrace Information: 0 : 16844, 1, 2021/06/10, 00:44:49.985, 13975144126646, vstest.console.dll, ProxyParallelExecutionManager: Triggering test run for next source: C:\Users\yivan\source\repos\ConsoleApp3\Test\bin\Debug\netcoreapp3.1\fine-code-coverage\build-output\Test.dll
TpTrace Verbose: 0 : 16844, 4, 2021/06/10, 00:44:49.985, 13975144128360, vstest.console.dll, ParallelProxyExecutionManager: Execution started. Started clients: 1
TpTrace Verbose: 0 : 16844, 1, 2021/06/10, 00:44:49.985, 13975144128531, vstest.console.dll, ProxyParallelExecutionManager: No sources available for execution.
TpTrace Information: 0 : 16844, 1, 2021/06/10, 00:44:49.985, 13975144129183, vstest.console.dll, TestRunRequest.ExecuteAsync: Started.
TpTrace Verbose: 0 : 16844, 1, 2021/06/10, 00:44:49.985, 13975144129999, vstest.console.dll, TestRunRequest.WaitForCompletion: Waiting with timeout -1.
TpTrace Verbose: 0 : 16844, 4, 2021/06/10, 00:44:49.985, 13975144131381, vstest.console.dll, TestRunRequest:SendTestRunMessage: Starting.
TpTrace Information: 0 : 16844, 4, 2021/06/10, 00:44:49.985, 13975144132266, vstest.console.dll, TestRunRequest:SendTestRunMessage: Completed.
TpTrace Verbose: 0 : 16844, 4, 2021/06/10, 00:44:49.986, 13975144133696, vstest.console.dll, ProxyExecutionManager: Test host is always Lazy initialize.
TpTrace Verbose: 0 : 16844, 4, 2021/06/10, 00:44:49.986, 13975144135371, vstest.console.dll, TestRequestSender.InitializeCommunication: initialize communication. 
TpTrace Information: 0 : 16844, 4, 2021/06/10, 00:44:49.986, 13975144138815, vstest.console.dll, SocketServer.Start: Listening on endpoint : 127.0.0.1:59053
TpTrace Verbose: 0 : 16844, 4, 2021/06/10, 00:44:49.987, 13975144143913, vstest.console.dll, DotnetTestHostmanager: Adding  --runtimeconfig "C:\Users\yivan\source\repos\ConsoleApp3\Test\bin\Debug\netcoreapp3.1\fine-code-coverage\build-output\Test.runtimeconfig.json" in args
TpTrace Verbose: 0 : 16844, 4, 2021/06/10, 00:44:49.987, 13975144144662, vstest.console.dll, DotnetTestHostmanager: Adding  --depsfile "C:\Users\yivan\source\repos\ConsoleApp3\Test\bin\Debug\netcoreapp3.1\fine-code-coverage\build-output\Test.deps.json" in args
TpTrace Verbose: 0 : 16844, 4, 2021/06/10, 00:44:49.987, 13975144146271, vstest.console.dll, DotnetTestHostManager: Testhost.exe/testhost.x86.exe found at path: C:\Users\yivan\source\repos\ConsoleApp3\Test\bin\Debug\netcoreapp3.1\fine-code-coverage\build-output\testhost.exe
TpTrace Verbose: 0 : 16844, 4, 2021/06/10, 00:44:49.987, 13975144146641, vstest.console.dll, DotnetTestHostmanager: Full path of host exe is C:\Users\yivan\source\repos\ConsoleApp3\Test\bin\Debug\netcoreapp3.1\fine-code-coverage\build-output\testhost.exe
TpTrace Verbose: 0 : 16844, 6, 2021/06/10, 00:44:49.987, 13975144152481, vstest.console.dll, DotnetTestHostManager: Starting process 'C:\Users\yivan\source\repos\ConsoleApp3\Test\bin\Debug\netcoreapp3.1\fine-code-coverage\build-output\testhost.exe' with command line ' --runtimeconfig "C:\Users\yivan\source\repos\ConsoleApp3\Test\bin\Debug\netcoreapp3.1\fine-code-coverage\build-output\Test.runtimeconfig.json" --depsfile "C:\Users\yivan\source\repos\ConsoleApp3\Test\bin\Debug\netcoreapp3.1\fine-code-coverage\build-output\Test.deps.json" --port 59053 --endpoint 127.0.0.1:059053 --role client --parentprocessid 16844 --diag "C:\Users\yivan\source\repos\ConsoleApp3\Test\bin\Debug\netcoreapp3.1\fine-code-coverage\coverage-tool-output\diagnostics.host.21-06-10_00-44-49_98684_4.log" --tracelevel 4 --datacollectionport 59052 --telemetryoptedin false'
TpTrace Verbose: 0 : 16844, 6, 2021/06/10, 00:44:49.990, 13975144181991, vstest.console.dll, Test Runtime launched
TpTrace Verbose: 0 : 16844, 4, 2021/06/10, 00:44:49.991, 13975144186577, vstest.console.dll, TestRequestSender.WaitForRequestHandlerConnection: waiting for connection with timeout: 90000
TpTrace Verbose: 0 : 16844, 6, 2021/06/10, 00:44:50.113, 13975145410771, vstest.console.dll, SocketServer.OnClientConnected: Client connected for endPoint: 127.0.0.1:59053, starting MessageLoopAsync:
TpTrace Verbose: 0 : 16844, 6, 2021/06/10, 00:44:50.113, 13975145412448, vstest.console.dll, TcpClientExtensions.MessageLoopAsync: Polling on remoteEndPoint: 127.0.0.1:59054 localEndPoint: 127.0.0.1:59053
TpTrace Verbose: 0 : 16844, 6, 2021/06/10, 00:44:50.236, 13975146638774, vstest.console.dll, TcpClientExtensions.MessageLoopAsync: NotifyDataAvailable remoteEndPoint: 127.0.0.1:59054 localEndPoint: 127.0.0.1:59053
TpTrace Verbose: 0 : 16844, 6, 2021/06/10, 00:44:50.236, 13975146640693, vstest.console.dll, TestRequestSender.CheckVersionWithTestHost: onMessageReceived received message: (ProtocolVersion) -> 3
TpTrace Verbose: 0 : 16844, 6, 2021/06/10, 00:44:50.237, 13975146644016, vstest.console.dll, TcpClientExtensions.MessageLoopAsync: Polling on remoteEndPoint: 127.0.0.1:59054 localEndPoint: 127.0.0.1:59053
TpTrace Verbose: 0 : 16844, 4, 2021/06/10, 00:44:50.237, 13975146644734, vstest.console.dll, TestPluginCache.GetExtensionPaths: Filtered extension paths: 
TpTrace Verbose: 0 : 16844, 4, 2021/06/10, 00:44:50.237, 13975146645258, vstest.console.dll, TestPluginCache.GetExtensionPaths: Added default extension paths: C:\Program Files\dotnet\sdk\5.0.103\Extensions\Microsoft.Diagnostics.NETCore.Client.dll
C:\Program Files\dotnet\sdk\5.0.103\Extensions\Microsoft.TestPlatform.Extensions.BlameDataCollector.dll
C:\Program Files\dotnet\sdk\5.0.103\Extensions\Microsoft.TestPlatform.Extensions.EventLogCollector.dll
C:\Program Files\dotnet\sdk\5.0.103\Extensions\Microsoft.TestPlatform.TestHostRuntimeProvider.dll
C:\Program Files\dotnet\sdk\5.0.103\Extensions\Microsoft.VisualStudio.TestPlatform.Extensions.Html.TestLogger.dll
C:\Program Files\dotnet\sdk\5.0.103\Extensions\Microsoft.VisualStudio.TestPlatform.Extensions.Trx.TestLogger.dll
TpTrace Verbose: 0 : 16844, 4, 2021/06/10, 00:44:50.237, 13975146645502, vstest.console.dll, TestPluginCache.GetExtensionPaths: Added unfilterableExtensionPaths: 
TpTrace Verbose: 0 : 16844, 4, 2021/06/10, 00:44:50.239, 13975146665901, vstest.console.dll, TestRequestSender.InitializeExecution: Sending initializing execution with message: {"Version":3,"MessageType":"TestExecution.Initialize","Payload":["C:\\Users\\yivan\\source\\repos\\ConsoleApp3\\Test\\bin\\Debug\\netcoreapp3.1\\fine-code-coverage\\build-output\\xunit.runner.visualstudio.dotnetcore.testadapter.dll"]}
TpTrace Verbose: 0 : 16844, 4, 2021/06/10, 00:44:50.245, 13975146723703, vstest.console.dll, TestRequestSender.StartTestRun: Sending test run with message: {"Version":3,"MessageType":"TestExecution.StartWithSources","Payload":{"AdapterSourceMap":{"_none_":["C:\\Users\\yivan\\source\\repos\\ConsoleApp3\\Test\\bin\\Debug\\netcoreapp3.1\\fine-code-coverage\\build-output\\Test.dll"]},"RunSettings":"<RunSettings>\r\n  <RunConfiguration>\r\n    <ResultsDirectory>C:\\Users\\yivan\\source\\repos\\ConsoleApp3\\Test\\bin\\Debug\\netcoreapp3.1\\fine-code-coverage\\coverage-tool-output</ResultsDirectory>\r\n    <TargetPlatform>X64</TargetPlatform>\r\n    <TargetFrameworkVersion>.NETCoreApp,Version=v3.1</TargetFrameworkVersion>\r\n    <DesignMode>False</DesignMode>\r\n    <CollectSourceInformation>False</CollectSourceInformation>\r\n  </RunConfiguration>\r\n  <LoggerRunSettings>\r\n    <Loggers>\r\n      <Logger friendlyName=\"blame\" enabled=\"True\" />\r\n      <Logger friendlyName=\"Console\" uri=\"logger://microsoft/TestPlatform/ConsoleLogger/v1\" assemblyQualifiedName=\"Microsoft.VisualStudio.TestPlatform.CommandLine.Internal.ConsoleLogger, vstest.console, Version=15.0.0.0, Culture=neutral, PublicKeyToken=b03f5f7f11d50a3a\" codeBase=\"C:\\Program Files\\dotnet\\sdk\\5.0.103\\vstest.console.dll\" enabled=\"True\" />\r\n    </Loggers>\r\n  </LoggerRunSettings>\r\n  <DataCollectionRunSettings>\r\n    <DataCollectors>\r\n      <DataCollector friendlyName=\"blame\" enabled=\"True\">\r\n        <Configuration>\r\n          <ResultsDirectory>C:\\Users\\yivan\\source\\repos\\ConsoleApp3\\Test\\bin\\Debug\\netcoreapp3.1\\fine-code-coverage\\coverage-tool-output</ResultsDirectory>\r\n        </Configuration>\r\n      </DataCollector>\r\n    </DataCollectors>\r\n  </DataCollectionRunSettings>\r\n</RunSettings>","TestExecutionContext":{"FrequencyOfRunStatsChangeEvent":10,"RunStatsChangeEventTimeout":"00:00:01.5000000","InIsolation":false,"KeepAlive":false,"AreTestCaseLevelEventsRequired":false,"IsDebug":false,"TestCaseFilter":null,"FilterOptions":null},"Package":null}}
TpTrace Verbose: 0 : 16844, 6, 2021/06/10, 00:44:50.246, 13975146739293, vstest.console.dll, TcpClientExtensions.MessageLoopAsync: NotifyDataAvailable remoteEndPoint: 127.0.0.1:59054 localEndPoint: 127.0.0.1:59053
TpTrace Verbose: 0 : 16844, 6, 2021/06/10, 00:44:50.246, 13975146740257, vstest.console.dll, TestRequestSender.OnExecutionMessageReceived: Received message: {"Version":3,"MessageType":"TestSession.Message","Payload":{"MessageLevel":0,"Message":"Logging TestHost Diagnostics in file: C:\\Users\\yivan\\source\\repos\\ConsoleApp3\\Test\\bin\\Debug\\netcoreapp3.1\\fine-code-coverage\\coverage-tool-output\\diagnostics.host.21-06-10_00-44-49_98684_4.log"}}
TpTrace Verbose: 0 : 16844, 6, 2021/06/10, 00:44:50.247, 13975146751291, vstest.console.dll, TestRunRequest:SendTestRunMessage: Starting.
TpTrace Information: 0 : 16844, 6, 2021/06/10, 00:44:50.247, 13975146751852, vstest.console.dll, TestRunRequest:SendTestRunMessage: Completed.
TpTrace Verbose: 0 : 16844, 6, 2021/06/10, 00:44:50.247, 13975146752157, vstest.console.dll, TcpClientExtensions.MessageLoopAsync: Polling on remoteEndPoint: 127.0.0.1:59054 localEndPoint: 127.0.0.1:59053
TpTrace Verbose: 0 : 16844, 6, 2021/06/10, 00:44:50.364, 13975147916418, vstest.console.dll, TcpClientExtensions.MessageLoopAsync: NotifyDataAvailable remoteEndPoint: 127.0.0.1:59054 localEndPoint: 127.0.0.1:59053
TpTrace Verbose: 0 : 16844, 6, 2021/06/10, 00:44:50.364, 13975147917385, vstest.console.dll, TestRequestSender.OnExecutionMessageReceived: Received message: {"Version":3,"MessageType":"TestSession.Message","Payload":{"MessageLevel":0,"Message":"[xUnit.net 00:00:00.00] xUnit.net VSTest Adapter v2.4.3+1b45f5407b (64-bit .NET Core 3.1.12)"}}
TpTrace Verbose: 0 : 16844, 6, 2021/06/10, 00:44:50.364, 13975147918985, vstest.console.dll, TestRunRequest:SendTestRunMessage: Starting.
TpTrace Information: 0 : 16844, 6, 2021/06/10, 00:44:50.364, 13975147919396, vstest.console.dll, TestRunRequest:SendTestRunMessage: Completed.
TpTrace Verbose: 0 : 16844, 6, 2021/06/10, 00:44:50.364, 13975147919633, vstest.console.dll, TcpClientExtensions.MessageLoopAsync: Polling on remoteEndPoint: 127.0.0.1:59054 localEndPoint: 127.0.0.1:59053
TpTrace Verbose: 0 : 16844, 6, 2021/06/10, 00:44:50.662, 13975150901895, vstest.console.dll, TcpClientExtensions.MessageLoopAsync: NotifyDataAvailable remoteEndPoint: 127.0.0.1:59054 localEndPoint: 127.0.0.1:59053
TpTrace Verbose: 0 : 16844, 6, 2021/06/10, 00:44:50.663, 13975150903123, vstest.console.dll, TestRequestSender.OnExecutionMessageReceived: Received message: {"Version":3,"MessageType":"TestSession.Message","Payload":{"MessageLevel":0,"Message":"[xUnit.net 00:00:00.30]   Discovering: Test"}}
TpTrace Verbose: 0 : 16844, 6, 2021/06/10, 00:44:50.663, 13975150904738, vstest.console.dll, TestRunRequest:SendTestRunMessage: Starting.
TpTrace Information: 0 : 16844, 6, 2021/06/10, 00:44:50.663, 13975150905192, vstest.console.dll, TestRunRequest:SendTestRunMessage: Completed.
TpTrace Verbose: 0 : 16844, 6, 2021/06/10, 00:44:50.663, 13975150905448, vstest.console.dll, TcpClientExtensions.MessageLoopAsync: Polling on remoteEndPoint: 127.0.0.1:59054 localEndPoint: 127.0.0.1:59053
TpTrace Verbose: 0 : 16844, 6, 2021/06/10, 00:44:50.693, 13975151207485, vstest.console.dll, TcpClientExtensions.MessageLoopAsync: NotifyDataAvailable remoteEndPoint: 127.0.0.1:59054 localEndPoint: 127.0.0.1:59053
TpTrace Verbose: 0 : 16844, 6, 2021/06/10, 00:44:50.693, 13975151208537, vstest.console.dll, TestRequestSender.OnExecutionMessageReceived: Received message: {"Version":3,"MessageType":"TestSession.Message","Payload":{"MessageLevel":0,"Message":"[xUnit.net 00:00:00.33]   Discovered:  Test"}}
TpTrace Verbose: 0 : 16844, 6, 2021/06/10, 00:44:50.693, 13975151210113, vstest.console.dll, TestRunRequest:SendTestRunMessage: Starting.
TpTrace Information: 0 : 16844, 6, 2021/06/10, 00:44:50.693, 13975151210603, vstest.console.dll, TestRunRequest:SendTestRunMessage: Completed.
TpTrace Verbose: 0 : 16844, 6, 2021/06/10, 00:44:50.693, 13975151210873, vstest.console.dll, TcpClientExtensions.MessageLoopAsync: Polling on remoteEndPoint: 127.0.0.1:59054 localEndPoint: 127.0.0.1:59053
TpTrace Verbose: 0 : 16844, 6, 2021/06/10, 00:44:50.695, 13975151229405, vstest.console.dll, TcpClientExtensions.MessageLoopAsync: NotifyDataAvailable remoteEndPoint: 127.0.0.1:59054 localEndPoint: 127.0.0.1:59053
TpTrace Verbose: 0 : 16844, 6, 2021/06/10, 00:44:50.695, 13975151229802, vstest.console.dll, TestRequestSender.OnExecutionMessageReceived: Received message: {"Version":3,"MessageType":"TestSession.Message","Payload":{"MessageLevel":0,"Message":"[xUnit.net 00:00:00.33]   Starting:    Test"}}
TpTrace Verbose: 0 : 16844, 6, 2021/06/10, 00:44:50.695, 13975151230847, vstest.console.dll, TestRunRequest:SendTestRunMessage: Starting.
TpTrace Information: 0 : 16844, 6, 2021/06/10, 00:44:50.695, 13975151231284, vstest.console.dll, TestRunRequest:SendTestRunMessage: Completed.
TpTrace Verbose: 0 : 16844, 6, 2021/06/10, 00:44:50.695, 13975151231521, vstest.console.dll, TcpClientExtensions.MessageLoopAsync: Polling on remoteEndPoint: 127.0.0.1:59054 localEndPoint: 127.0.0.1:59053
TpTrace Verbose: 0 : 16844, 6, 2021/06/10, 00:44:50.848, 13975152758358, vstest.console.dll, TcpClientExtensions.MessageLoopAsync: NotifyDataAvailable remoteEndPoint: 127.0.0.1:59054 localEndPoint: 127.0.0.1:59053
TpTrace Verbose: 0 : 16844, 6, 2021/06/10, 00:44:50.848, 13975152759522, vstest.console.dll, TestRequestSender.OnExecutionMessageReceived: Received message: {"Version":3,"MessageType":"TestSession.Message","Payload":{"MessageLevel":0,"Message":"[xUnit.net 00:00:00.48]   Finished:    Test"}}
TpTrace Verbose: 0 : 16844, 6, 2021/06/10, 00:44:50.848, 13975152761081, vstest.console.dll, TestRunRequest:SendTestRunMessage: Starting.
TpTrace Information: 0 : 16844, 6, 2021/06/10, 00:44:50.848, 13975152761872, vstest.console.dll, TestRunRequest:SendTestRunMessage: Completed.
TpTrace Verbose: 0 : 16844, 6, 2021/06/10, 00:44:50.848, 13975152762276, vstest.console.dll, TcpClientExtensions.MessageLoopAsync: Polling on remoteEndPoint: 127.0.0.1:59054 localEndPoint: 127.0.0.1:59053
TpTrace Verbose: 0 : 16844, 6, 2021/06/10, 00:44:50.877, 13975153047395, vstest.console.dll, TcpClientExtensions.MessageLoopAsync: NotifyDataAvailable remoteEndPoint: 127.0.0.1:59054 localEndPoint: 127.0.0.1:59053
TpTrace Verbose: 0 : 16844, 6, 2021/06/10, 00:44:50.877, 13975153049941, vstest.console.dll, TestRequestSender.OnExecutionMessageReceived: Received message: {"Version":3,"MessageType":"TestExecution.Completed","Payload":{"TestRunCompleteArgs":{"TestRunStatistics":{"ExecutedTests":6,"Stats":{"Passed":6}},"IsCanceled":false,"IsAborted":false,"Error":null,"AttachmentSets":[],"ElapsedTimeInRunningTests":"00:00:00.4953467","Metrics":{}},"LastRunTests":{"NewTestResults":[{"TestCase":{"Properties":[{"Key":{"Id":"TestCase.FullyQualifiedName","Label":"FullyQualifiedName","Category":"","Description":"","Attributes":1,"ValueType":"System.String"},"Value":"Test.OperationServiceTest.WithdrawOneHundredAndFiftySuccess"},{"Key":{"Id":"TestCase.ExecutorUri","Label":"Executor Uri","Category":"","Description":"","Attributes":1,"ValueType":"System.Uri"},"Value":"executor://xunit/VsTestRunner2/netcoreapp"},{"Key":{"Id":"TestCase.Source","Label":"Source","Category":"","Description":"","Attributes":0,"ValueType":"System.String"},"Value":"C:\\Users\\yivan\\source\\repos\\ConsoleApp3\\Test\\bin\\Debug\\netcoreapp3.1\\fine-code-coverage\\build-output\\Test.dll"},{"Key":{"Id":"TestCase.CodeFilePath","Label":"File Path","Category":"","Description":"","Attributes":0,"ValueType":"System.String"},"Value":null},{"Key":{"Id":"TestCase.DisplayName","Label":"Name","Category":"","Description":"","Attributes":0,"ValueType":"System.String"},"Value":"TESTE 1 - NOTAS DISPONIVEIS: [100, 50, 20] - Saque 150"},{"Key":{"Id":"TestCase.Id","Label":"Id","Category":"","Description":"","Attributes":1,"ValueType":"System.Guid"},"Value":"601dba10-286f-fda0-9cac-ea50d290e778"},{"Key":{"Id":"TestCase.LineNumber","Label":"Line Number","Category":"","Description":"","Attributes":1,"ValueType":"System.Int32"},"Value":0}]},"Attachments":[],"Messages":[],"Properties":[{"Key":{"Id":"TestResult.Outcome","Label":"Outcome","Category":"","Description":"","Attributes":0,"ValueType":"Microsoft.VisualStudio.TestPlatform.ObjectModel.TestOutcome, Microsoft.VisualStudio.TestPlatform.ObjectModel, Version=15.0.0.0, Culture=neutral, PublicKeyToken=b03f5f7f11d50a3a"},"Value":1},{"Key":{"Id":"TestResult.ErrorMessage","Label":"Error Message","Category":"","Description":"","Attributes":0,"ValueType":"System.String"},"Value":null},{"Key":{"Id":"TestResult.ErrorStackTrace","Label":"Error Stack Trace","Category":"","Description":"","Attributes":0,"ValueType":"System.String"},"Value":null},{"Key":{"Id":"TestResult.DisplayName","Label":"TestResult Display Name","Category":"","Description":"","Attributes":1,"ValueType":"System.String"},"Value":"TESTE 1 - NOTAS DISPONIVEIS: [100, 50, 20] - Saque 150"},{"Key":{"Id":"TestResult.ComputerName","Label":"Computer Name","Category":"","Description":"","Attributes":0,"ValueType":"System.String"},"Value":"LEGION5I"},{"Key":{"Id":"TestResult.Duration","Label":"Duration","Category":"","Description":"","Attributes":0,"ValueType":"System.TimeSpan"},"Value":"00:00:00.0775318"},{"Key":{"Id":"TestResult.StartTime","Label":"Start Time","Category":"","Description":"","Attributes":0,"ValueType":"System.DateTimeOffset"},"Value":"2021-06-10T03:44:50.8267493+00:00"},{"Key":{"Id":"TestResult.EndTime","Label":"End Time","Category":"","Description":"","Attributes":0,"ValueType":"System.DateTimeOffset"},"Value":"2021-06-10T03:44:50.8268173+00:00"}]},{"TestCase":{"Properties":[{"Key":{"Id":"TestCase.FullyQualifiedName","Label":"FullyQualifiedName","Category":"","Description":"","Attributes":1,"ValueType":"System.String"},"Value":"Test.OperationServiceTest.WithdrawOneError"},{"Key":{"Id":"TestCase.ExecutorUri","Label":"Executor Uri","Category":"","Description":"","Attributes":1,"ValueType":"System.Uri"},"Value":"executor://xunit/VsTestRunner2/netcoreapp"},{"Key":{"Id":"TestCase.Source","Label":"Source","Category":"","Description":"","Attributes":0,"ValueType":"System.String"},"Value":"C:\\Users\\yivan\\source\\repos\\ConsoleApp3\\Test\\bin\\Debug\\netcoreapp3.1\\fine-code-coverage\\build-output\\Test.dll"},{"Key":{"Id":"TestCase.CodeFilePath","Label":"File Path","Category":"","Description":"","Attributes":0,"ValueType":"System.String"},"Value":null},{"Key":{"Id":"TestCase.DisplayName","Label":"Name","Category":"","Description":"","Attributes":0,"ValueType":"System.String"},"Value":"TESTE 1 - NOTAS DISPONIVEIS: [100, 50, 20] - Saque 1"},{"Key":{"Id":"TestCase.Id","Label":"Id","Category":"","Description":"","Attributes":1,"ValueType":"System.Guid"},"Value":"205033bf-a823-7e7d-52ce-32a6cdf82d7d"},{"Key":{"Id":"TestCase.LineNumber","Label":"Line Number","Category":"","Description":"","Attributes":1,"ValueType":"System.Int32"},"Value":0}]},"Attachments":[],"Messages":[],"Properties":[{"Key":{"Id":"TestResult.Outcome","Label":"Outcome","Category":"","Description":"","Attributes":0,"ValueType":"Microsoft.VisualStudio.TestPlatform.ObjectModel.TestOutcome, Microsoft.VisualStudio.TestPlatform.ObjectModel, Version=15.0.0.0, Culture=neutral, PublicKeyToken=b03f5f7f11d50a3a"},"Value":1},{"Key":{"Id":"TestResult.ErrorMessage","Label":"Error Message","Category":"","Description":"","Attributes":0,"ValueType":"System.String"},"Value":null},{"Key":{"Id":"TestResult.ErrorStackTrace","Label":"Error Stack Trace","Category":"","Description":"","Attributes":0,"ValueType":"System.String"},"Value":null},{"Key":{"Id":"TestResult.DisplayName","Label":"TestResult Display Name","Category":"","Description":"","Attributes":1,"ValueType":"System.String"},"Value":"TESTE 1 - NOTAS DISPONIVEIS: [100, 50, 20] - Saque 1"},{"Key":{"Id":"TestResult.ComputerName","Label":"Computer Name","Category":"","Description":"","Attributes":0,"ValueType":"System.String"},"Value":"LEGION5I"},{"Key":{"Id":"TestResult.Duration","Label":"Duration","Category":"","Description":"","Attributes":0,"ValueType":"System.TimeSpan"},"Value":"00:00:00.0013710"},{"Key":{"Id":"TestResult.StartTime","Label":"Start Time","Category":"","Description":"","Attributes":0,"ValueType":"System.DateTimeOffset"},"Value":"2021-06-10T03:44:50.8415924+00:00"},{"Key":{"Id":"TestResult.EndTime","Label":"End Time","Category":"","Description":"","Attributes":0,"ValueType":"System.DateTimeOffset"},"Value":"2021-06-10T03:44:50.8415936+00:00"}]},{"TestCase":{"Properties":[{"Key":{"Id":"TestCase.FullyQualifiedName","Label":"FullyQualifiedName","Category":"","Description":"","Attributes":1,"ValueType":"System.String"},"Value":"Test.OperationServiceTest.WithdrawOneHundredAndTwentySuccess"},{"Key":{"Id":"TestCase.ExecutorUri","Label":"Executor Uri","Category":"","Description":"","Attributes":1,"ValueType":"System.Uri"},"Value":"executor://xunit/VsTestRunner2/netcoreapp"},{"Key":{"Id":"TestCase.Source","Label":"Source","Category":"","Description":"","Attributes":0,"ValueType":"System.String"},"Value":"C:\\Users\\yivan\\source\\repos\\ConsoleApp3\\Test\\bin\\Debug\\netcoreapp3.1\\fine-code-coverage\\build-output\\Test.dll"},{"Key":{"Id":"TestCase.CodeFilePath","Label":"File Path","Category":"","Description":"","Attributes":0,"ValueType":"System.String"},"Value":null},{"Key":{"Id":"TestCase.DisplayName","Label":"Name","Category":"","Description":"","Attributes":0,"ValueType":"System.String"},"Value":"TESTE 1 - NOTAS DISPONIVEIS: [100, 50, 20] - Saque 120"},{"Key":{"Id":"TestCase.Id","Label":"Id","Category":"","Description":"","Attributes":1,"ValueType":"System.Guid"},"Value":"c71ee8cf-372e-02b7-0825-2a27f6fa30a7"},{"Key":{"Id":"TestCase.LineNumber","Label":"Line Number","Category":"","Description":"","Attributes":1,"ValueType":"System.Int32"},"Value":0}]},"Attachments":[],"Messages":[],"Properties":[{"Key":{"Id":"TestResult.Outcome","Label":"Outcome","Category":"","Description":"","Attributes":0,"ValueType":"Microsoft.VisualStudio.TestPlatform.ObjectModel.TestOutcome, Microsoft.VisualStudio.TestPlatform.ObjectModel, Version=15.0.0.0, Culture=neutral, PublicKeyToken=b03f5f7f11d50a3a"},"Value":1},{"Key":{"Id":"TestResult.ErrorMessage","Label":"Error Message","Category":"","Description":"","Attributes":0,"ValueType":"System.String"},"Value":null},{"Key":{"Id":"TestResult.ErrorStackTrace","Label":"Error Stack Trace","Category":"","Description":"","Attributes":0,"ValueType":"System.String"},"Value":null},{"Key":{"Id":"TestResult.DisplayName","Label":"TestResult Display Name","Category":"","Description":"","Attributes":1,"ValueType":"System.String"},"Value":"TESTE 1 - NOTAS DISPONIVEIS: [100, 50, 20] - Saque 120"},{"Key":{"Id":"TestResult.ComputerName","Label":"Computer Name","Category":"","Description":"","Attributes":0,"ValueType":"System.String"},"Value":"LEGION5I"},{"Key":{"Id":"TestResult.Duration","Label":"Duration","Category":"","Description":"","Attributes":0,"ValueType":"System.TimeSpan"},"Value":"00:00:00.0005729"},{"Key":{"Id":"TestResult.StartTime","Label":"Start Time","Category":"","Description":"","Attributes":0,"ValueType":"System.DateTimeOffset"},"Value":"2021-06-10T03:44:50.8426849+00:00"},{"Key":{"Id":"TestResult.EndTime","Label":"End Time","Category":"","Description":"","Attributes":0,"ValueType":"System.DateTimeOffset"},"Value":"2021-06-10T03:44:50.8426858+00:00"}]},{"TestCase":{"Properties":[{"Key":{"Id":"TestCase.FullyQualifiedName","Label":"FullyQualifiedName","Category":"","Description":"","Attributes":1,"ValueType":"System.String"},"Value":"Test.OperationServiceTest.WithdrawFiveError"},{"Key":{"Id":"TestCase.ExecutorUri","Label":"Executor Uri","Category":"","Description":"","Attributes":1,"ValueType":"System.Uri"},"Value":"executor://xunit/VsTestRunner2/netcoreapp"},{"Key":{"Id":"TestCase.Source","Label":"Source","Category":"","Description":"","Attributes":0,"ValueType":"System.String"},"Value":"C:\\Users\\yivan\\source\\repos\\ConsoleApp3\\Test\\bin\\Debug\\netcoreapp3.1\\fine-code-coverage\\build-output\\Test.dll"},{"Key":{"Id":"TestCase.CodeFilePath","Label":"File Path","Category":"","Description":"","Attributes":0,"ValueType":"System.String"},"Value":null},{"Key":{"Id":"TestCase.DisplayName","Label":"Name","Category":"","Description":"","Attributes":0,"ValueType":"System.String"},"Value":"TESTE 1 - NOTAS DISPONIVEIS: [100, 50, 20] - Saque 5"},{"Key":{"Id":"TestCase.Id","Label":"Id","Category":"","Description":"","Attributes":1,"ValueType":"System.Guid"},"Value":"b0194d73-b911-ea76-c025-6a3863f721ad"},{"Key":{"Id":"TestCase.LineNumber","Label":"Line Number","Category":"","Description":"","Attributes":1,"ValueType":"System.Int32"},"Value":0}]},"Attachments":[],"Messages":[],"Properties":[{"Key":{"Id":"TestResult.Outcome","Label":"Outcome","Category":"","Description":"","Attributes":0,"ValueType":"Microsoft.VisualStudio.TestPlatform.ObjectModel.TestOutcome, Microsoft.VisualStudio.TestPlatform.ObjectModel, Version=15.0.0.0, Culture=neutral, PublicKeyToken=b03f5f7f11d50a3a"},"Value":1},{"Key":{"Id":"TestResult.ErrorMessage","Label":"Error Message","Category":"","Description":"","Attributes":0,"ValueType":"System.String"},"Value":null},{"Key":{"Id":"TestResult.ErrorStackTrace","Label":"Error Stack Trace","Category":"","Description":"","Attributes":0,"ValueType":"System.String"},"Value":null},{"Key":{"Id":"TestResult.DisplayName","Label":"TestResult Display Name","Category":"","Description":"","Attributes":1,"ValueType":"System.String"},"Value":"TESTE 1 - NOTAS DISPONIVEIS: [100, 50, 20] - Saque 5"},{"Key":{"Id":"TestResult.ComputerName","Label":"Computer Name","Category":"","Description":"","Attributes":0,"ValueType":"System.String"},"Value":"LEGION5I"},{"Key":{"Id":"TestResult.Duration","Label":"Duration","Category":"","Description":"","Attributes":0,"ValueType":"System.TimeSpan"},"Value":"00:00:00.0006087"},{"Key":{"Id":"TestResult.StartTime","Label":"Start Time","Category":"","Description":"","Attributes":0,"ValueType":"System.DateTimeOffset"},"Value":"2021-06-10T03:44:50.8440863+00:00"},{"Key":{"Id":"TestResult.EndTime","Label":"End Time","Category":"","Description":"","Attributes":0,"ValueType":"System.DateTimeOffset"},"Value":"2021-06-10T03:44:50.8440872+00:00"}]},{"TestCase":{"Properties":[{"Key":{"Id":"TestCase.FullyQualifiedName","Label":"FullyQualifiedName","Category":"","Description":"","Attributes":1,"ValueType":"System.String"},"Value":"Test.OperationServiceTest.WithdrawOneHundredAndThirtyError"},{"Key":{"Id":"TestCase.ExecutorUri","Label":"Executor Uri","Category":"","Description":"","Attributes":1,"ValueType":"System.Uri"},"Value":"executor://xunit/VsTestRunner2/netcoreapp"},{"Key":{"Id":"TestCase.Source","Label":"Source","Category":"","Description":"","Attributes":0,"ValueType":"System.String"},"Value":"C:\\Users\\yivan\\source\\repos\\ConsoleApp3\\Test\\bin\\Debug\\netcoreapp3.1\\fine-code-coverage\\build-output\\Test.dll"},{"Key":{"Id":"TestCase.CodeFilePath","Label":"File Path","Category":"","Description":"","Attributes":0,"ValueType":"System.String"},"Value":null},{"Key":{"Id":"TestCase.DisplayName","Label":"Name","Category":"","Description":"","Attributes":0,"ValueType":"System.String"},"Value":"TESTE 1 - NOTAS DISPONIVEIS: [100, 50, 20] - Saque 130"},{"Key":{"Id":"TestCase.Id","Label":"Id","Category":"","Description":"","Attributes":1,"ValueType":"System.Guid"},"Value":"535020f2-77b6-60ca-624d-5038a75b51d0"},{"Key":{"Id":"TestCase.LineNumber","Label":"Line Number","Category":"","Description":"","Attributes":1,"ValueType":"System.Int32"},"Value":0}]},"Attachments":[],"Messages":[],"Properties":[{"Key":{"Id":"TestResult.Outcome","Label":"Outcome","Category":"","Description":"","Attributes":0,"ValueType":"Microsoft.VisualStudio.TestPlatform.ObjectModel.TestOutcome, Microsoft.VisualStudio.TestPlatform.ObjectModel, Version=15.0.0.0, Culture=neutral, PublicKeyToken=b03f5f7f11d50a3a"},"Value":1},{"Key":{"Id":"TestResult.ErrorMessage","Label":"Error Message","Category":"","Description":"","Attributes":0,"ValueType":"System.String"},"Value":null},{"Key":{"Id":"TestResult.ErrorStackTrace","Label":"Error Stack Trace","Category":"","Description":"","Attributes":0,"ValueType":"System.String"},"Value":null},{"Key":{"Id":"TestResult.DisplayName","Label":"TestResult Display Name","Category":"","Description":"","Attributes":1,"ValueType":"System.String"},"Value":"TESTE 1 - NOTAS DISPONIVEIS: [100, 50, 20] - Saque 130"},{"Key":{"Id":"TestResult.ComputerName","Label":"Computer Name","Category":"","Description":"","Attributes":0,"ValueType":"System.String"},"Value":"LEGION5I"},{"Key":{"Id":"TestResult.Duration","Label":"Duration","Category":"","Description":"","Attributes":0,"ValueType":"System.TimeSpan"},"Value":"00:00:00.0005283"},{"Key":{"Id":"TestResult.StartTime","Label":"Start Time","Category":"","Description":"","Attributes":0,"ValueType":"System.DateTimeOffset"},"Value":"2021-06-10T03:44:50.8452482+00:00"},{"Key":{"Id":"TestResult.EndTime","Label":"End Time","Category":"","Description":"","Attributes":0,"ValueType":"System.DateTimeOffset"},"Value":"2021-06-10T03:44:50.8452491+00:00"}]},{"TestCase":{"Properties":[{"Key":{"Id":"TestCase.FullyQualifiedName","Label":"FullyQualifiedName","Category":"","Description":"","Attributes":1,"ValueType":"System.String"},"Value":"Test.OperationServiceTest.WithdrawOneHundredAndSeventySuccess"},{"Key":{"Id":"TestCase.ExecutorUri","Label":"Executor Uri","Category":"","Description":"","Attributes":1,"ValueType":"System.Uri"},"Value":"executor://xunit/VsTestRunner2/netcoreapp"},{"Key":{"Id":"TestCase.Source","Label":"Source","Category":"","Description":"","Attributes":0,"ValueType":"System.String"},"Value":"C:\\Users\\yivan\\source\\repos\\ConsoleApp3\\Test\\bin\\Debug\\netcoreapp3.1\\fine-code-coverage\\build-output\\Test.dll"},{"Key":{"Id":"TestCase.CodeFilePath","Label":"File Path","Category":"","Description":"","Attributes":0,"ValueType":"System.String"},"Value":null},{"Key":{"Id":"TestCase.DisplayName","Label":"Name","Category":"","Description":"","Attributes":0,"ValueType":"System.String"},"Value":"TESTE 1 - NOTAS DISPONIVEIS: [100, 50, 20] - Saque 170"},{"Key":{"Id":"TestCase.Id","Label":"Id","Category":"","Description":"","Attributes":1,"ValueType":"System.Guid"},"Value":"4d44c7aa-5b2d-5343-3b8c-fcfe32e8dd91"},{"Key":{"Id":"TestCase.LineNumber","Label":"Line Number","Category":"","Description":"","Attributes":1,"ValueType":"System.Int32"},"Value":0}]},"Attachments":[],"Messages":[],"Properties":[{"Key":{"Id":"TestResult.Outcome","Label":"Outcome","Category":"","Description":"","Attributes":0,"ValueType":"Microsoft.VisualStudio.TestPlatform.ObjectModel.TestOutcome, Microsoft.VisualStudio.TestPlatform.ObjectModel, Version=15.0.0.0, Culture=neutral, PublicKeyToken=b03f5f7f11d50a3a"},"Value":1},{"Key":{"Id":"TestResult.ErrorMessage","Label":"Error Message","Category":"","Description":"","Attributes":0,"ValueType":"System.String"},"Value":null},{"Key":{"Id":"TestResult.ErrorStackTrace","Label":"Error Stack Trace","Category":"","Description":"","Attributes":0,"ValueType":"System.String"},"Value":null},{"Key":{"Id":"TestResult.DisplayName","Label":"TestResult Display Name","Category":"","Description":"","Attributes":1,"ValueType":"System.String"},"Value":"TESTE 1 - NOTAS DISPONIVEIS: [100, 50, 20] - Saque 170"},{"Key":{"Id":"TestResult.ComputerName","Label":"Computer Name","Category":"","Description":"","Attributes":0,"ValueType":"System.String"},"Value":"LEGION5I"},{"Key":{"Id":"TestResult.Duration","Label":"Duration","Category":"","Description":"","Attributes":0,"ValueType":"System.TimeSpan"},"Value":"00:00:00.0006152"},{"Key":{"Id":"TestResult.StartTime","Label":"Start Time","Category":"","Description":"","Attributes":0,"ValueType":"System.DateTimeOffset"},"Value":"2021-06-10T03:44:50.8465477+00:00"},{"Key":{"Id":"TestResult.EndTime","Label":"End Time","Category":"","Description":"","Attributes":0,"ValueType":"System.DateTimeOffset"},"Value":"2021-06-10T03:44:50.8465486+00:00"}]}],"TestRunStatistics":{"ExecutedTests":6,"Stats":{"Passed":6}},"ActiveTests":[]},"RunAttachments":[],"ExecutorUris":["executor://xunit/VsTestRunner2/netcoreapp"]}}
TpTrace Verbose: 0 : 16844, 6, 2021/06/10, 00:44:50.879, 13975153072209, vstest.console.dll, TestRequestSender.EndSession: Sending end session.
TpTrace Verbose: 0 : 16844, 6, 2021/06/10, 00:44:50.880, 13975153073165, vstest.console.dll, ProxyOperationManager.Close: waiting for test host to exit for 100 ms
TpTrace Warning: 0 : 16844, 12, 2021/06/10, 00:44:50.899, 13975153269169, vstest.console.dll, TestHostManagerCallbacks.ErrorReceivedCallback Test host standard error line: 
TpTrace Verbose: 0 : 16844, 7, 2021/06/10, 00:44:50.906, 13975153334480, vstest.console.dll, TestHostProvider.ExitCallBack: Host exited starting callback.
TpTrace Information: 0 : 16844, 7, 2021/06/10, 00:44:50.906, 13975153338255, vstest.console.dll, TestHostManagerCallbacks.ExitCallBack: Testhost processId: 19660 exited with exitcode: 0 error: ''
TpTrace Verbose: 0 : 16844, 7, 2021/06/10, 00:44:50.906, 13975153338772, vstest.console.dll, DotnetTestHostManager.OnHostExited: invoking OnHostExited callback
TpTrace Verbose: 0 : 16844, 7, 2021/06/10, 00:44:50.906, 13975153339637, vstest.console.dll, CrossPlatEngine.TestHostManagerHostExited: calling on client process exit callback.
TpTrace Information: 0 : 16844, 7, 2021/06/10, 00:44:50.906, 13975153340075, vstest.console.dll, TestRequestSender.OnClientProcessExit: Test host process exited. Standard error: 
TpTrace Warning: 0 : 16844, 6, 2021/06/10, 00:44:50.906, 13975153340411, vstest.console.dll, ProxyOperationManager: Timed out waiting for test host to exit. Will terminate process.
TpTrace Information: 0 : 16844, 7, 2021/06/10, 00:44:50.906, 13975153340496, vstest.console.dll, SocketServer.Stop: Stop server endPoint: 127.0.0.1:59053
TpTrace Information: 0 : 16844, 7, 2021/06/10, 00:44:50.906, 13975153341547, vstest.console.dll, SocketServer.Stop: Cancellation requested. Stopping message loop.
TpTrace Verbose: 0 : 16844, 6, 2021/06/10, 00:44:50.907, 13975153350330, vstest.console.dll, ProxyDataCollectionManager.InvokeDataCollectionServiceAction: Starting.
TpTrace Information: 0 : 16844, 6, 2021/06/10, 00:44:50.907, 13975153350750, vstest.console.dll, ProxyDataCollectionManager.AfterTestRunEnd: Get attachment set for datacollector processId: 14608 port: 59047
TpTrace Verbose: 0 : 16844, 6, 2021/06/10, 00:44:50.907, 13975153351202, vstest.console.dll, DataCollectionRequestSender.SendAfterTestRunStartAndGetResult : Send AfterTestRunEnd message with isCancelled: False
TpTrace Verbose: 0 : 16844, 6, 2021/06/10, 00:44:50.908, 13975153360995, vstest.console.dll, DataCollectionRequestSender.SendAfterTestRunStartAndGetResult : Received message: (DataCollection.AfterTestRunEndResult) -> []
TpTrace Information: 0 : 16844, 6, 2021/06/10, 00:44:50.910, 13975153373332, vstest.console.dll, ProxyDataCollectionManager.InvokeDataCollectionServiceAction: Completed.
TpTrace Warning: 0 : 16844, 9, 2021/06/10, 00:44:50.913, 13975153407493, vstest.console.dll, DataCollectionLauncher.ErrorReceivedCallback datacollector standard error line: 
TpTrace Information: 0 : 16844, 7, 2021/06/10, 00:44:50.916, 13975153437712, vstest.console.dll, DataCollectionLauncher.ExitCallBack: Data collector exited with exitcode: 0 error: ''
TpTrace Verbose: 0 : 16844, 6, 2021/06/10, 00:44:50.945, 13975153723015, vstest.console.dll, TestRunRequest:SendTestRunStatsChange: Starting.
TpTrace Information: 0 : 16844, 6, 2021/06/10, 00:44:50.945, 13975153724734, vstest.console.dll, TestRunRequest:SendTestRunStatsChange: Completed.
TpTrace Verbose: 0 : 16844, 6, 2021/06/10, 00:44:50.945, 13975153725938, vstest.console.dll, ParallelProxyExecutionManager: HandlePartialRunComplete: Total completed clients = 1, Run complete = True, Run canceled: False.
TpTrace Verbose: 0 : 16844, 6, 2021/06/10, 00:44:50.953, 13975153805974, vstest.console.dll, TestRunRequest:TestRunComplete: Starting. IsAborted:False IsCanceled:False.
TpTrace Verbose: 0 : 16844, 6, 2021/06/10, 00:44:50.953, 13975153807169, vstest.console.dll, TestLoggerManager.HandleTestRunComplete: Ignoring as the object is disposed.
TpTrace Information: 0 : 16844, 6, 2021/06/10, 00:44:50.953, 13975153808945, vstest.console.dll, TestRunRequest:TestRunComplete: Completed.
TpTrace Verbose: 0 : 16844, 1, 2021/06/10, 00:44:50.953, 13975153809130, vstest.console.dll, TestRunRequest.Dispose: Starting.
TpTrace Information: 0 : 16844, 1, 2021/06/10, 00:44:50.953, 13975153809700, vstest.console.dll, TestRunRequest.Dispose: Completed.
TpTrace Verbose: 0 : 16844, 6, 2021/06/10, 00:44:50.953, 13975153809297, vstest.console.dll, TestRequestSender.SetOperationComplete: Setting operation complete.
TpTrace Information: 0 : 16844, 1, 2021/06/10, 00:44:50.953, 13975153810044, vstest.console.dll, TestRequestManager.RunTests: run tests completed.
TpTrace Information: 0 : 16844, 6, 2021/06/10, 00:44:50.953, 13975153810503, vstest.console.dll, SocketServer.Stop: Stop server endPoint: 127.0.0.1:59053
TpTrace Information: 0 : 16844, 6, 2021/06/10, 00:44:50.953, 13975153810840, vstest.console.dll, SocketServer.Stop: Cancellation requested. Stopping message loop.
TpTrace Information: 0 : 16844, 1, 2021/06/10, 00:44:50.953, 13975153810937, vstest.console.dll, RunTestsArgumentProcessor:Execute: Test run is completed.
TpTrace Information: 0 : 16844, 6, 2021/06/10, 00:44:50.953, 13975153811116, vstest.console.dll, SocketServer.PrivateStop: Stop server endPoint: 127.0.0.1:59053 error: 
TpTrace Verbose: 0 : 16844, 1, 2021/06/10, 00:44:50.953, 13975153811451, vstest.console.dll, Executor.Execute: Exiting with exit code of 0
TpTrace Verbose: 0 : 16844, 6, 2021/06/10, 00:44:50.954, 13975153814307, vstest.console.dll, LengthPrefixCommunicationChannel.Dispose: Dispose reader and writer.
TpTrace Information: 0 : 16844, 6, 2021/06/10, 00:44:50.954, 13975153814794, vstest.console.dll, SocketServer.Stop: Raise disconnected event endPoint: 127.0.0.1:59053 error: 
TpTrace Verbose: 0 : 16844, 6, 2021/06/10, 00:44:50.956, 13975153835781, vstest.console.dll, TestRequestSender: OnTestRunAbort: Operation is already complete. Skip error message.
TpTrace Verbose: 0 : 16844, 6, 2021/06/10, 00:44:50.956, 13975153836188, vstest.console.dll, TcpClientExtensions.MessageLoopAsync: exiting MessageLoopAsync remoteEndPoint: 127.0.0.1:59054 localEndPoint: 127.0.0.1:59053
